
*** Running vivado
    with args -log tinyriscv_soc_top.vdi -applog -m64 -product Vivado -messageDb vivado.pb -mode batch -source tinyriscv_soc_top.tcl -notrace


****** Vivado v2024.1 (64-bit)
  **** SW Build 5076996 on Wed May 22 18:36:09 MDT 2024
  **** IP Build 5075265 on Wed May 22 21:45:21 MDT 2024
  **** SharedData Build 5076995 on Wed May 22 18:29:18 MDT 2024
  **** Start of session at: Wed Jun 11 07:00:28 2025
    ** Copyright 1986-2022 Xilinx, Inc. All Rights Reserved.
    ** Copyright 2022-2024 Advanced Micro Devices, Inc. All Rights Reserved.

source tinyriscv_soc_top.tcl -notrace
Command: link_design -top tinyriscv_soc_top -part xc7a35tcpg236-1
Design is defaulting to srcset: sources_1
Design is defaulting to constrset: constrs_1
INFO: [Device 21-403] Loading part xc7a35tcpg236-1
INFO: [Device 21-9227] Part: xc7a35tcpg236-1 does not have CEAM library.
Netlist sorting complete. Time (s): cpu = 00:00:00.05 ; elapsed = 00:00:00.05 . Memory (MB): peak = 1748.844 ; gain = 0.000 ; free physical = 7302 ; free virtual = 31238
INFO: [Netlist 29-17] Analyzing 2561 Unisim elements for replacement
INFO: [Netlist 29-28] Unisim Transformation completed in 0 CPU seconds
INFO: [Project 1-479] Netlist was created with Vivado 2024.1
INFO: [Project 1-570] Preparing netlist for logic optimization
Parsing XDC File [/home/sidharth/Vivado_Projects/tinyriscv_load/tinyriscv_load.srcs/constrs_1/imports/constrs/tinyriscv.xdc]
CRITICAL WARNING: [Common 17-69] Command failed: 'N14' is not a valid site or package pin name. [/home/sidharth/Vivado_Projects/tinyriscv_load/tinyriscv_load.srcs/constrs_1/imports/constrs/tinyriscv.xdc:2]
CRITICAL WARNING: [Common 17-69] Command failed: 'N14' is not a valid site or package pin name. [/home/sidharth/Vivado_Projects/tinyriscv_load/tinyriscv_load.srcs/constrs_1/imports/constrs/tinyriscv.xdc:7]
CRITICAL WARNING: [Common 17-69] Command failed: 'L13' is not a valid site or package pin name. [/home/sidharth/Vivado_Projects/tinyriscv_load/tinyriscv_load.srcs/constrs_1/imports/constrs/tinyriscv.xdc:11]
CRITICAL WARNING: [Common 17-69] Command failed: 'M16' is not a valid site or package pin name. [/home/sidharth/Vivado_Projects/tinyriscv_load/tinyriscv_load.srcs/constrs_1/imports/constrs/tinyriscv.xdc:15]
CRITICAL WARNING: [Common 17-69] Command failed: 'N16' is not a valid site or package pin name. [/home/sidharth/Vivado_Projects/tinyriscv_load/tinyriscv_load.srcs/constrs_1/imports/constrs/tinyriscv.xdc:19]
CRITICAL WARNING: [Common 17-69] Command failed: 'P15' is not a valid site or package pin name. [/home/sidharth/Vivado_Projects/tinyriscv_load/tinyriscv_load.srcs/constrs_1/imports/constrs/tinyriscv.xdc:23]
CRITICAL WARNING: [Common 17-69] Command failed: 'K13' is not a valid site or package pin name. [/home/sidharth/Vivado_Projects/tinyriscv_load/tinyriscv_load.srcs/constrs_1/imports/constrs/tinyriscv.xdc:27]
CRITICAL WARNING: [Common 17-69] Command failed: 'M6' is not a valid site or package pin name. [/home/sidharth/Vivado_Projects/tinyriscv_load/tinyriscv_load.srcs/constrs_1/imports/constrs/tinyriscv.xdc:31]
CRITICAL WARNING: [Common 17-69] Command failed: 'N6' is not a valid site or package pin name. [/home/sidharth/Vivado_Projects/tinyriscv_load/tinyriscv_load.srcs/constrs_1/imports/constrs/tinyriscv.xdc:35]
CRITICAL WARNING: [Common 17-69] Command failed: 'P16' is not a valid site or package pin name. [/home/sidharth/Vivado_Projects/tinyriscv_load/tinyriscv_load.srcs/constrs_1/imports/constrs/tinyriscv.xdc:39]
CRITICAL WARNING: [Common 17-69] Command failed: 'T15' is not a valid site or package pin name. [/home/sidharth/Vivado_Projects/tinyriscv_load/tinyriscv_load.srcs/constrs_1/imports/constrs/tinyriscv.xdc:43]
CRITICAL WARNING: [Common 17-69] Command failed: 'N11' is not a valid site or package pin name. [/home/sidharth/Vivado_Projects/tinyriscv_load/tinyriscv_load.srcs/constrs_1/imports/constrs/tinyriscv.xdc:47]
CRITICAL WARNING: [Common 17-69] Command failed: 'M5' is not a valid site or package pin name. [/home/sidharth/Vivado_Projects/tinyriscv_load/tinyriscv_load.srcs/constrs_1/imports/constrs/tinyriscv.xdc:73]
CRITICAL WARNING: [Common 17-69] Command failed: 'N4' is not a valid site or package pin name. [/home/sidharth/Vivado_Projects/tinyriscv_load/tinyriscv_load.srcs/constrs_1/imports/constrs/tinyriscv.xdc:77]
Finished Parsing XDC File [/home/sidharth/Vivado_Projects/tinyriscv_load/tinyriscv_load.srcs/constrs_1/imports/constrs/tinyriscv.xdc]
INFO: [Opt 31-138] Pushed 0 inverter(s) to 0 load pin(s).
Netlist sorting complete. Time (s): cpu = 00:00:00 ; elapsed = 00:00:00.01 . Memory (MB): peak = 1998.121 ; gain = 0.000 ; free physical = 7200 ; free virtual = 31136
INFO: [Project 1-111] Unisim Transformation Summary:
  A total of 1026 instances were transformed.
  IOBUF => IOBUF (IBUF, OBUFT): 2 instances
  RAM256X1S => RAM256X1S (MUXF7(x2), MUXF8, RAMS64E(x4)): 1024 instances

8 Infos, 0 Warnings, 14 Critical Warnings and 0 Errors encountered.
link_design completed successfully
Command: opt_design
Attempting to get a license for feature 'Implementation' and/or device 'xc7a35t'
INFO: [Common 17-349] Got license for feature 'Implementation' and/or device 'xc7a35t'
Running DRC as a precondition to command opt_design

Starting DRC Task
INFO: [DRC 23-27] Running DRC with 8 threads
INFO: [Project 1-461] DRC finished with 0 Errors
INFO: [Project 1-462] Please refer to the DRC report (report_drc) for more information.

Time (s): cpu = 00:00:00.7 ; elapsed = 00:00:00.33 . Memory (MB): peak = 2096.809 ; gain = 98.688 ; free physical = 7172 ; free virtual = 31108

Starting Cache Timing Information Task
INFO: [Timing 38-35] Done setting XDC timing constraints.
Ending Cache Timing Information Task | Checksum: 238110f50

Time (s): cpu = 00:00:04 ; elapsed = 00:00:04 . Memory (MB): peak = 2556.621 ; gain = 459.812 ; free physical = 6735 ; free virtual = 30687

Starting Logic Optimization Task

Phase 1 Initialization

Phase 1.1 Core Generation And Design Setup
Phase 1.1 Core Generation And Design Setup | Checksum: 238110f50

Time (s): cpu = 00:00:00 ; elapsed = 00:00:00 . Memory (MB): peak = 2873.426 ; gain = 0.000 ; free physical = 6423 ; free virtual = 30376

Phase 1.2 Setup Constraints And Sort Netlist
Phase 1.2 Setup Constraints And Sort Netlist | Checksum: 238110f50

Time (s): cpu = 00:00:00.01 ; elapsed = 00:00:00 . Memory (MB): peak = 2873.426 ; gain = 0.000 ; free physical = 6423 ; free virtual = 30376
Phase 1 Initialization | Checksum: 238110f50

Time (s): cpu = 00:00:00.01 ; elapsed = 00:00:00 . Memory (MB): peak = 2873.426 ; gain = 0.000 ; free physical = 6423 ; free virtual = 30376

Phase 2 Timer Update And Timing Data Collection

Phase 2.1 Timer Update
Phase 2.1 Timer Update | Checksum: 238110f50

Time (s): cpu = 00:00:01 ; elapsed = 00:00:00.23 . Memory (MB): peak = 2873.426 ; gain = 0.000 ; free physical = 6424 ; free virtual = 30376

Phase 2.2 Timing Data Collection
Phase 2.2 Timing Data Collection | Checksum: 238110f50

Time (s): cpu = 00:00:01 ; elapsed = 00:00:00.25 . Memory (MB): peak = 2873.426 ; gain = 0.000 ; free physical = 6416 ; free virtual = 30368
Phase 2 Timer Update And Timing Data Collection | Checksum: 238110f50

Time (s): cpu = 00:00:01 ; elapsed = 00:00:00.25 . Memory (MB): peak = 2873.426 ; gain = 0.000 ; free physical = 6416 ; free virtual = 30368

Phase 3 Retarget
INFO: [Opt 31-1834] Total Chains To Be Transformed Were: 0 AND Number of Transformed insts Created are: 0
INFO: [Opt 31-138] Pushed 0 inverter(s) to 0 load pin(s).
INFO: [Opt 31-49] Retargeted 0 cell(s).
Phase 3 Retarget | Checksum: 238110f50

Time (s): cpu = 00:00:01 ; elapsed = 00:00:00.34 . Memory (MB): peak = 2873.426 ; gain = 0.000 ; free physical = 6416 ; free virtual = 30368
Retarget | Checksum: 238110f50
INFO: [Opt 31-389] Phase Retarget created 0 cells and removed 0 cells

Phase 4 Constant propagation
INFO: [Opt 31-138] Pushed 0 inverter(s) to 0 load pin(s).
Phase 4 Constant propagation | Checksum: 1bfba663b

Time (s): cpu = 00:00:01 ; elapsed = 00:00:00.39 . Memory (MB): peak = 2873.426 ; gain = 0.000 ; free physical = 6416 ; free virtual = 30368
Constant propagation | Checksum: 1bfba663b
INFO: [Opt 31-389] Phase Constant propagation created 0 cells and removed 0 cells

Phase 5 Sweep
Phase 5 Sweep | Checksum: 262bbe8a5

Time (s): cpu = 00:00:01 ; elapsed = 00:00:00.49 . Memory (MB): peak = 2873.426 ; gain = 0.000 ; free physical = 6416 ; free virtual = 30368
Sweep | Checksum: 262bbe8a5
INFO: [Opt 31-389] Phase Sweep created 0 cells and removed 0 cells

Phase 6 BUFG optimization
Phase 6 BUFG optimization | Checksum: 262bbe8a5

Time (s): cpu = 00:00:02 ; elapsed = 00:00:00.57 . Memory (MB): peak = 2873.426 ; gain = 0.000 ; free physical = 6416 ; free virtual = 30368
BUFG optimization | Checksum: 262bbe8a5
INFO: [Opt 31-662] Phase BUFG optimization created 0 cells of which 0 are BUFGs and removed 0 cells.

Phase 7 Shift Register Optimization
INFO: [Opt 31-1064] SRL Remap converted 0 SRLs to 0 registers and converted 0 registers of register chains to 0 SRLs
Phase 7 Shift Register Optimization | Checksum: 262bbe8a5

Time (s): cpu = 00:00:02 ; elapsed = 00:00:00.57 . Memory (MB): peak = 2873.426 ; gain = 0.000 ; free physical = 6416 ; free virtual = 30368
Shift Register Optimization | Checksum: 262bbe8a5
INFO: [Opt 31-389] Phase Shift Register Optimization created 0 cells and removed 0 cells

Phase 8 Post Processing Netlist
Phase 8 Post Processing Netlist | Checksum: 262bbe8a5

Time (s): cpu = 00:00:02 ; elapsed = 00:00:00.59 . Memory (MB): peak = 2873.426 ; gain = 0.000 ; free physical = 6416 ; free virtual = 30368
Post Processing Netlist | Checksum: 262bbe8a5
INFO: [Opt 31-389] Phase Post Processing Netlist created 0 cells and removed 0 cells

Phase 9 Finalization

Phase 9.1 Finalizing Design Cores and Updating Shapes
Phase 9.1 Finalizing Design Cores and Updating Shapes | Checksum: 2090bfeba

Time (s): cpu = 00:00:02 ; elapsed = 00:00:00.66 . Memory (MB): peak = 2873.426 ; gain = 0.000 ; free physical = 6416 ; free virtual = 30368

Phase 9.2 Verifying Netlist Connectivity

Starting Connectivity Check Task

Time (s): cpu = 00:00:00.01 ; elapsed = 00:00:00.01 . Memory (MB): peak = 2873.426 ; gain = 0.000 ; free physical = 6416 ; free virtual = 30368
Phase 9.2 Verifying Netlist Connectivity | Checksum: 2090bfeba

Time (s): cpu = 00:00:02 ; elapsed = 00:00:00.67 . Memory (MB): peak = 2873.426 ; gain = 0.000 ; free physical = 6416 ; free virtual = 30368
Phase 9 Finalization | Checksum: 2090bfeba

Time (s): cpu = 00:00:02 ; elapsed = 00:00:00.67 . Memory (MB): peak = 2873.426 ; gain = 0.000 ; free physical = 6416 ; free virtual = 30368
Opt_design Change Summary
=========================


-------------------------------------------------------------------------------------------------------------------------
|  Phase                        |  #Cells created  |  #Cells Removed  |  #Constrained objects preventing optimizations  |
-------------------------------------------------------------------------------------------------------------------------
|  Retarget                     |               0  |               0  |                                              0  |
|  Constant propagation         |               0  |               0  |                                              0  |
|  Sweep                        |               0  |               0  |                                              0  |
|  BUFG optimization            |               0  |               0  |                                              0  |
|  Shift Register Optimization  |               0  |               0  |                                              0  |
|  Post Processing Netlist      |               0  |               0  |                                              0  |
-------------------------------------------------------------------------------------------------------------------------


Ending Logic Optimization Task | Checksum: 2090bfeba

Time (s): cpu = 00:00:02 ; elapsed = 00:00:00.67 . Memory (MB): peak = 2873.426 ; gain = 0.000 ; free physical = 6416 ; free virtual = 30368

Starting Power Optimization Task
INFO: [Pwropt 34-132] Skipping clock gating for clocks with a period < 2.00 ns.
Ending Power Optimization Task | Checksum: 2090bfeba

Time (s): cpu = 00:00:00.01 ; elapsed = 00:00:00.01 . Memory (MB): peak = 2873.426 ; gain = 0.000 ; free physical = 6416 ; free virtual = 30368

Starting Final Cleanup Task
Ending Final Cleanup Task | Checksum: 2090bfeba

Time (s): cpu = 00:00:00 ; elapsed = 00:00:00 . Memory (MB): peak = 2873.426 ; gain = 0.000 ; free physical = 6416 ; free virtual = 30368

Starting Netlist Obfuscation Task
Netlist sorting complete. Time (s): cpu = 00:00:00 ; elapsed = 00:00:00 . Memory (MB): peak = 2873.426 ; gain = 0.000 ; free physical = 6416 ; free virtual = 30368
Ending Netlist Obfuscation Task | Checksum: 2090bfeba

Time (s): cpu = 00:00:00 ; elapsed = 00:00:00 . Memory (MB): peak = 2873.426 ; gain = 0.000 ; free physical = 6416 ; free virtual = 30368
INFO: [Common 17-83] Releasing license: Implementation
26 Infos, 0 Warnings, 14 Critical Warnings and 0 Errors encountered.
opt_design completed successfully
opt_design: Time (s): cpu = 00:00:07 ; elapsed = 00:00:06 . Memory (MB): peak = 2873.426 ; gain = 875.305 ; free physical = 6416 ; free virtual = 30368
INFO: [Vivado 12-24828] Executing command : report_drc -file tinyriscv_soc_top_drc_opted.rpt -pb tinyriscv_soc_top_drc_opted.pb -rpx tinyriscv_soc_top_drc_opted.rpx
Command: report_drc -file tinyriscv_soc_top_drc_opted.rpt -pb tinyriscv_soc_top_drc_opted.pb -rpx tinyriscv_soc_top_drc_opted.rpx
INFO: [IP_Flow 19-234] Refreshing IP repositories
INFO: [IP_Flow 19-1704] No user IP repositories specified
INFO: [IP_Flow 19-2313] Loaded Vivado IP repository '/tools/Xilinx/Vivado/2024.1/data/ip'.
INFO: [DRC 23-27] Running DRC with 8 threads
INFO: [Vivado_Tcl 2-168] The results of DRC are in file /home/sidharth/Vivado_Projects/tinyriscv_load/tinyriscv_load.runs/impl_1/tinyriscv_soc_top_drc_opted.rpt.
report_drc completed successfully
INFO: [Timing 38-480] Writing timing data to binary archive.
Wrote PlaceDB: Time (s): cpu = 00:00:00 ; elapsed = 00:00:00 . Memory (MB): peak = 2913.445 ; gain = 0.000 ; free physical = 6388 ; free virtual = 30341
Wrote PulsedLatchDB: Time (s): cpu = 00:00:00 ; elapsed = 00:00:00 . Memory (MB): peak = 2913.445 ; gain = 0.000 ; free physical = 6388 ; free virtual = 30341
Writing XDEF routing.
Writing XDEF routing logical nets.
Writing XDEF routing special nets.
Wrote RouteStorage: Time (s): cpu = 00:00:00.09 ; elapsed = 00:00:00.02 . Memory (MB): peak = 2913.445 ; gain = 0.000 ; free physical = 6384 ; free virtual = 30339
Write ShapeDB Complete: Time (s): cpu = 00:00:00.09 ; elapsed = 00:00:00.03 . Memory (MB): peak = 2913.445 ; gain = 0.000 ; free physical = 6384 ; free virtual = 30339
Wrote Netlist Cache: Time (s): cpu = 00:00:00 ; elapsed = 00:00:00 . Memory (MB): peak = 2913.445 ; gain = 0.000 ; free physical = 6384 ; free virtual = 30339
Wrote Device Cache: Time (s): cpu = 00:00:00.01 ; elapsed = 00:00:00 . Memory (MB): peak = 2913.445 ; gain = 0.000 ; free physical = 6384 ; free virtual = 30338
Write Physdb Complete: Time (s): cpu = 00:00:00.11 ; elapsed = 00:00:00.03 . Memory (MB): peak = 2913.445 ; gain = 0.000 ; free physical = 6384 ; free virtual = 30338
INFO: [Common 17-1381] The checkpoint '/home/sidharth/Vivado_Projects/tinyriscv_load/tinyriscv_load.runs/impl_1/tinyriscv_soc_top_opt.dcp' has been generated.
Command: place_design
Attempting to get a license for feature 'Implementation' and/or device 'xc7a35t'
INFO: [Common 17-349] Got license for feature 'Implementation' and/or device 'xc7a35t'
INFO: [Common 17-83] Releasing license: Implementation
INFO: [DRC 23-27] Running DRC with 8 threads
INFO: [Vivado_Tcl 4-198] DRC finished with 0 Errors
INFO: [Vivado_Tcl 4-199] Please refer to the DRC report (report_drc) for more information.
Running DRC as a precondition to command place_design
INFO: [DRC 23-27] Running DRC with 8 threads
INFO: [Vivado_Tcl 4-198] DRC finished with 0 Errors
INFO: [Vivado_Tcl 4-199] Please refer to the DRC report (report_drc) for more information.
INFO: [Place 30-611] Multithreading enabled for place_design using a maximum of 8 CPUs

Starting Placer Task

Phase 1 Placer Initialization

Phase 1.1 Placer Initialization Netlist Sorting
Netlist sorting complete. Time (s): cpu = 00:00:00 ; elapsed = 00:00:00 . Memory (MB): peak = 2913.445 ; gain = 0.000 ; free physical = 6372 ; free virtual = 30328
Phase 1.1 Placer Initialization Netlist Sorting | Checksum: 139421b8f

Time (s): cpu = 00:00:00.01 ; elapsed = 00:00:00.01 . Memory (MB): peak = 2913.445 ; gain = 0.000 ; free physical = 6372 ; free virtual = 30328
Netlist sorting complete. Time (s): cpu = 00:00:00 ; elapsed = 00:00:00 . Memory (MB): peak = 2913.445 ; gain = 0.000 ; free physical = 6372 ; free virtual = 30328

Phase 1.2 IO Placement/ Clock Placement/ Build Placer Device
INFO: [Timing 38-35] Done setting XDC timing constraints.
Phase 1.2 IO Placement/ Clock Placement/ Build Placer Device | Checksum: 21353749a

Time (s): cpu = 00:00:02 ; elapsed = 00:00:00.6 . Memory (MB): peak = 2913.445 ; gain = 0.000 ; free physical = 6359 ; free virtual = 30319

Phase 1.3 Build Placer Netlist Model
Phase 1.3 Build Placer Netlist Model | Checksum: 300e2d89c

Time (s): cpu = 00:00:06 ; elapsed = 00:00:03 . Memory (MB): peak = 2920.469 ; gain = 7.023 ; free physical = 6300 ; free virtual = 30262

Phase 1.4 Constrain Clocks/Macros
Phase 1.4 Constrain Clocks/Macros | Checksum: 300e2d89c

Time (s): cpu = 00:00:06 ; elapsed = 00:00:03 . Memory (MB): peak = 2920.469 ; gain = 7.023 ; free physical = 6300 ; free virtual = 30262
Phase 1 Placer Initialization | Checksum: 300e2d89c

Time (s): cpu = 00:00:06 ; elapsed = 00:00:03 . Memory (MB): peak = 2920.469 ; gain = 7.023 ; free physical = 6300 ; free virtual = 30262

Phase 2 Global Placement

Phase 2.1 Floorplanning
Phase 2.1 Floorplanning | Checksum: 29522c18a

Time (s): cpu = 00:00:08 ; elapsed = 00:00:03 . Memory (MB): peak = 2946.188 ; gain = 32.742 ; free physical = 6323 ; free virtual = 30286

Phase 2.2 Update Timing before SLR Path Opt
Phase 2.2 Update Timing before SLR Path Opt | Checksum: 2979d5794

Time (s): cpu = 00:00:09 ; elapsed = 00:00:04 . Memory (MB): peak = 2946.188 ; gain = 32.742 ; free physical = 6326 ; free virtual = 30288

Phase 2.3 Post-Processing in Floorplanning
Phase 2.3 Post-Processing in Floorplanning | Checksum: 2979d5794

Time (s): cpu = 00:00:09 ; elapsed = 00:00:04 . Memory (MB): peak = 2946.188 ; gain = 32.742 ; free physical = 6326 ; free virtual = 30288

Phase 2.4 Global Placement Core

Phase 2.4.1 UpdateTiming Before Physical Synthesis
Phase 2.4.1 UpdateTiming Before Physical Synthesis | Checksum: 222735866

Time (s): cpu = 00:00:24 ; elapsed = 00:00:09 . Memory (MB): peak = 2946.188 ; gain = 32.742 ; free physical = 6337 ; free virtual = 30300

Phase 2.4.2 Physical Synthesis In Placer
INFO: [Physopt 32-1035] Found 0 LUTNM shape to break, 624 LUT instances to create LUTNM shape
INFO: [Physopt 32-1044] Break lutnm for timing: one critical 0, two critical 0, total 0, new lutff created 0
INFO: [Physopt 32-1138] End 1 Pass. Optimized 247 nets or LUTs. Breaked 0 LUT, combined 247 existing LUTs and moved 0 existing LUT
INFO: [Physopt 32-65] No nets found for high-fanout optimization.
INFO: [Physopt 32-232] Optimized 0 net. Created 0 new instance.
INFO: [Physopt 32-775] End 1 Pass. Optimized 0 net or cell. Created 0 new cell, deleted 0 existing cell and moved 0 existing cell
INFO: [Physopt 32-457] Pass 1. Identified 1 candidate cell for DSP register optimization.
INFO: [Physopt 32-665] Processed cell u_tinyriscv/u_avg/product0. 15 registers were pushed out.
INFO: [Physopt 32-775] End 2 Pass. Optimized 1 net or cell. Created 15 new cells, deleted 0 existing cell and moved 0 existing cell
Netlist sorting complete. Time (s): cpu = 00:00:00.01 ; elapsed = 00:00:00 . Memory (MB): peak = 2946.188 ; gain = 0.000 ; free physical = 6335 ; free virtual = 30299
INFO: [Physopt 32-670] No setup violation found.  Shift Register to Pipeline Optimization was not performed.
INFO: [Physopt 32-670] No setup violation found.  Shift Register Optimization was not performed.
INFO: [Physopt 32-670] No setup violation found.  BRAM Register Optimization was not performed.
INFO: [Physopt 32-670] No setup violation found.  URAM Register Optimization was not performed.
INFO: [Physopt 32-949] No candidate nets found for dynamic/static region interface net replication
INFO: [Physopt 32-775] End 1 Pass. Optimized 0 net or cell. Created 0 new cell, deleted 0 existing cell and moved 0 existing cell
Netlist sorting complete. Time (s): cpu = 00:00:00 ; elapsed = 00:00:00 . Memory (MB): peak = 2946.188 ; gain = 0.000 ; free physical = 6335 ; free virtual = 30299

Summary of Physical Synthesis Optimizations
============================================


-----------------------------------------------------------------------------------------------------------------------------------------------------------
|  Optimization                                     |  Added Cells  |  Removed Cells  |  Optimized Cells/Nets  |  Dont Touch  |  Iterations  |  Elapsed   |
-----------------------------------------------------------------------------------------------------------------------------------------------------------
|  LUT Combining                                    |            0  |            247  |                   247  |           0  |           1  |  00:00:01  |
|  Retime                                           |            0  |              0  |                     0  |           0  |           1  |  00:00:00  |
|  Very High Fanout                                 |            0  |              0  |                     0  |           0  |           1  |  00:00:00  |
|  DSP Register                                     |           15  |              0  |                     1  |           0  |           1  |  00:00:00  |
|  Shift Register to Pipeline                       |            0  |              0  |                     0  |           0  |           0  |  00:00:00  |
|  Shift Register                                   |            0  |              0  |                     0  |           0  |           0  |  00:00:00  |
|  BRAM Register                                    |            0  |              0  |                     0  |           0  |           0  |  00:00:00  |
|  URAM Register                                    |            0  |              0  |                     0  |           0  |           0  |  00:00:00  |
|  Dynamic/Static Region Interface Net Replication  |            0  |              0  |                     0  |           0  |           1  |  00:00:00  |
|  Total                                            |           15  |            247  |                   248  |           0  |           5  |  00:00:01  |
-----------------------------------------------------------------------------------------------------------------------------------------------------------


Phase 2.4.2 Physical Synthesis In Placer | Checksum: 2cadf72fe

Time (s): cpu = 00:00:26 ; elapsed = 00:00:11 . Memory (MB): peak = 2946.188 ; gain = 32.742 ; free physical = 6335 ; free virtual = 30299
Phase 2.4 Global Placement Core | Checksum: 2b1bf234f

Time (s): cpu = 00:00:27 ; elapsed = 00:00:11 . Memory (MB): peak = 2946.188 ; gain = 32.742 ; free physical = 6334 ; free virtual = 30299
Phase 2 Global Placement | Checksum: 2b1bf234f

Time (s): cpu = 00:00:27 ; elapsed = 00:00:11 . Memory (MB): peak = 2946.188 ; gain = 32.742 ; free physical = 6334 ; free virtual = 30299

Phase 3 Detail Placement

Phase 3.1 Commit Multi Column Macros
Phase 3.1 Commit Multi Column Macros | Checksum: 214402b40

Time (s): cpu = 00:00:29 ; elapsed = 00:00:12 . Memory (MB): peak = 2946.188 ; gain = 32.742 ; free physical = 6334 ; free virtual = 30299

Phase 3.2 Commit Most Macros & LUTRAMs
Phase 3.2 Commit Most Macros & LUTRAMs | Checksum: 2b17f2bb2

Time (s): cpu = 00:00:33 ; elapsed = 00:00:14 . Memory (MB): peak = 2946.188 ; gain = 32.742 ; free physical = 6334 ; free virtual = 30299

Phase 3.3 Area Swap Optimization
Phase 3.3 Area Swap Optimization | Checksum: 2ba34e4f5

Time (s): cpu = 00:00:34 ; elapsed = 00:00:14 . Memory (MB): peak = 2946.188 ; gain = 32.742 ; free physical = 6334 ; free virtual = 30299

Phase 3.4 Pipeline Register Optimization
Phase 3.4 Pipeline Register Optimization | Checksum: 2f318977b

Time (s): cpu = 00:00:34 ; elapsed = 00:00:14 . Memory (MB): peak = 2946.188 ; gain = 32.742 ; free physical = 6334 ; free virtual = 30299

Phase 3.5 Fast Optimization
Phase 3.5 Fast Optimization | Checksum: 231cad73e

Time (s): cpu = 00:00:38 ; elapsed = 00:00:15 . Memory (MB): peak = 2946.188 ; gain = 32.742 ; free physical = 6330 ; free virtual = 30295

Phase 3.6 Small Shape Detail Placement
Phase 3.6 Small Shape Detail Placement | Checksum: 215f2cdf2

Time (s): cpu = 00:00:40 ; elapsed = 00:00:18 . Memory (MB): peak = 2946.188 ; gain = 32.742 ; free physical = 6331 ; free virtual = 30296

Phase 3.7 Re-assign LUT pins
Phase 3.7 Re-assign LUT pins | Checksum: 1f5cab85b

Time (s): cpu = 00:00:41 ; elapsed = 00:00:18 . Memory (MB): peak = 2946.188 ; gain = 32.742 ; free physical = 6331 ; free virtual = 30296

Phase 3.8 Pipeline Register Optimization
Phase 3.8 Pipeline Register Optimization | Checksum: 1dc4e71a0

Time (s): cpu = 00:00:41 ; elapsed = 00:00:18 . Memory (MB): peak = 2946.188 ; gain = 32.742 ; free physical = 6331 ; free virtual = 30296
Phase 3 Detail Placement | Checksum: 1dc4e71a0

Time (s): cpu = 00:00:41 ; elapsed = 00:00:18 . Memory (MB): peak = 2946.188 ; gain = 32.742 ; free physical = 6331 ; free virtual = 30296

Phase 4 Post Placement Optimization and Clean-Up

Phase 4.1 Post Commit Optimization
INFO: [Timing 38-35] Done setting XDC timing constraints.

Phase 4.1.1 Post Placement Optimization
Post Placement Optimization Initialization | Checksum: 168865371

Phase 4.1.1.1 BUFG Insertion

Starting Physical Synthesis Task

Phase 1 Physical Synthesis Initialization
INFO: [Physopt 32-721] Multithreading enabled for phys_opt_design using a maximum of 8 CPUs
INFO: [Physopt 32-619] Estimated Timing Summary | WNS=-1.349 | TNS=-34.977 |
Phase 1 Physical Synthesis Initialization | Checksum: 89fdbaca

Time (s): cpu = 00:00:01 ; elapsed = 00:00:00.67 . Memory (MB): peak = 2975.984 ; gain = 0.000 ; free physical = 6307 ; free virtual = 30272
INFO: [Place 46-33] Processed net u_tinyriscv/u_csr_reg/SR[0], BUFG insertion was skipped due to placement/routing conflicts.
INFO: [Place 46-56] BUFG insertion identified 1 candidate nets. Inserted BUFG: 0, Replicated BUFG Driver: 0, Skipped due to Placement/Routing Conflicts: 1, Skipped due to Timing Degradation: 0, Skipped due to netlist editing failed: 0.
Ending Physical Synthesis Task | Checksum: 15a23fb30

Time (s): cpu = 00:00:02 ; elapsed = 00:00:00.86 . Memory (MB): peak = 2975.984 ; gain = 0.000 ; free physical = 6307 ; free virtual = 30272
Phase 4.1.1.1 BUFG Insertion | Checksum: 168865371

Time (s): cpu = 00:00:48 ; elapsed = 00:00:21 . Memory (MB): peak = 2975.984 ; gain = 62.539 ; free physical = 6307 ; free virtual = 30272

Phase 4.1.1.2 Post Placement Timing Optimization
INFO: [Place 30-746] Post Placement Timing Summary WNS=0.504. For the most accurate timing information please run report_timing.
Phase 4.1.1.2 Post Placement Timing Optimization | Checksum: 1433440cd

Time (s): cpu = 00:00:58 ; elapsed = 00:00:25 . Memory (MB): peak = 2975.984 ; gain = 62.539 ; free physical = 6307 ; free virtual = 30272

Time (s): cpu = 00:00:58 ; elapsed = 00:00:25 . Memory (MB): peak = 2975.984 ; gain = 62.539 ; free physical = 6307 ; free virtual = 30272
Phase 4.1 Post Commit Optimization | Checksum: 1433440cd

Time (s): cpu = 00:00:58 ; elapsed = 00:00:25 . Memory (MB): peak = 2975.984 ; gain = 62.539 ; free physical = 6307 ; free virtual = 30272

Phase 4.2 Post Placement Cleanup
Phase 4.2 Post Placement Cleanup | Checksum: 1433440cd

Time (s): cpu = 00:00:58 ; elapsed = 00:00:25 . Memory (MB): peak = 2975.984 ; gain = 62.539 ; free physical = 6307 ; free virtual = 30272

Phase 4.3 Placer Reporting

Phase 4.3.1 Print Estimated Congestion
INFO: [Place 30-612] Post-Placement Estimated Congestion 
 ____________________________________________________
|           | Global Congestion | Short Congestion  |
| Direction | Region Size       | Region Size       |
|___________|___________________|___________________|
|      North|                1x1|                2x2|
|___________|___________________|___________________|
|      South|                1x1|                4x4|
|___________|___________________|___________________|
|       East|                1x1|                1x1|
|___________|___________________|___________________|
|       West|                1x1|                1x1|
|___________|___________________|___________________|

Phase 4.3.1 Print Estimated Congestion | Checksum: 1433440cd

Time (s): cpu = 00:00:59 ; elapsed = 00:00:25 . Memory (MB): peak = 2975.984 ; gain = 62.539 ; free physical = 6307 ; free virtual = 30272
Phase 4.3 Placer Reporting | Checksum: 1433440cd

Time (s): cpu = 00:00:59 ; elapsed = 00:00:25 . Memory (MB): peak = 2975.984 ; gain = 62.539 ; free physical = 6307 ; free virtual = 30272

Phase 4.4 Final Placement Cleanup
Netlist sorting complete. Time (s): cpu = 00:00:00 ; elapsed = 00:00:00 . Memory (MB): peak = 2975.984 ; gain = 0.000 ; free physical = 6307 ; free virtual = 30272

Time (s): cpu = 00:00:59 ; elapsed = 00:00:25 . Memory (MB): peak = 2975.984 ; gain = 62.539 ; free physical = 6307 ; free virtual = 30272
Phase 4 Post Placement Optimization and Clean-Up | Checksum: fdfad839

Time (s): cpu = 00:00:59 ; elapsed = 00:00:25 . Memory (MB): peak = 2975.984 ; gain = 62.539 ; free physical = 6307 ; free virtual = 30272
Ending Placer Task | Checksum: f92340d4

Time (s): cpu = 00:00:59 ; elapsed = 00:00:25 . Memory (MB): peak = 2975.984 ; gain = 62.539 ; free physical = 6307 ; free virtual = 30272
66 Infos, 0 Warnings, 14 Critical Warnings and 0 Errors encountered.
place_design completed successfully
place_design: Time (s): cpu = 00:01:00 ; elapsed = 00:00:26 . Memory (MB): peak = 2975.984 ; gain = 62.539 ; free physical = 6307 ; free virtual = 30272
INFO: [Vivado 12-24838] Running report commands "report_control_sets, report_io, report_utilization" in parallel.
Running report generation with 3 threads.
INFO: [Vivado 12-24828] Executing command : report_io -file tinyriscv_soc_top_io_placed.rpt
report_io: Time (s): cpu = 00:00:00.11 ; elapsed = 00:00:00.1 . Memory (MB): peak = 2975.984 ; gain = 0.000 ; free physical = 6293 ; free virtual = 30258
INFO: [Vivado 12-24828] Executing command : report_control_sets -verbose -file tinyriscv_soc_top_control_sets_placed.rpt
report_control_sets: Time (s): cpu = 00:00:00.14 ; elapsed = 00:00:00.13 . Memory (MB): peak = 2975.984 ; gain = 0.000 ; free physical = 6298 ; free virtual = 30264
INFO: [Vivado 12-24828] Executing command : report_utilization -file tinyriscv_soc_top_utilization_placed.rpt -pb tinyriscv_soc_top_utilization_placed.pb
INFO: [Timing 38-480] Writing timing data to binary archive.
Write ShapeDB Complete: Time (s): cpu = 00:00:00.11 ; elapsed = 00:00:00.03 . Memory (MB): peak = 2975.984 ; gain = 0.000 ; free physical = 6282 ; free virtual = 30249
Wrote PlaceDB: Time (s): cpu = 00:00:01 ; elapsed = 00:00:00.54 . Memory (MB): peak = 2975.984 ; gain = 0.000 ; free physical = 6226 ; free virtual = 30214
Wrote PulsedLatchDB: Time (s): cpu = 00:00:00 ; elapsed = 00:00:00 . Memory (MB): peak = 2975.984 ; gain = 0.000 ; free physical = 6226 ; free virtual = 30214
Writing XDEF routing.
Writing XDEF routing logical nets.
Writing XDEF routing special nets.
Wrote RouteStorage: Time (s): cpu = 00:00:00.02 ; elapsed = 00:00:00.02 . Memory (MB): peak = 2975.984 ; gain = 0.000 ; free physical = 6226 ; free virtual = 30214
Wrote Netlist Cache: Time (s): cpu = 00:00:00.01 ; elapsed = 00:00:00.01 . Memory (MB): peak = 2975.984 ; gain = 0.000 ; free physical = 6226 ; free virtual = 30216
Wrote Device Cache: Time (s): cpu = 00:00:00 ; elapsed = 00:00:00 . Memory (MB): peak = 2975.984 ; gain = 0.000 ; free physical = 6226 ; free virtual = 30216
Write Physdb Complete: Time (s): cpu = 00:00:01 ; elapsed = 00:00:00.58 . Memory (MB): peak = 2975.984 ; gain = 0.000 ; free physical = 6226 ; free virtual = 30216
INFO: [Common 17-1381] The checkpoint '/home/sidharth/Vivado_Projects/tinyriscv_load/tinyriscv_load.runs/impl_1/tinyriscv_soc_top_placed.dcp' has been generated.
Command: phys_opt_design
Attempting to get a license for feature 'Implementation' and/or device 'xc7a35t'
INFO: [Common 17-349] Got license for feature 'Implementation' and/or device 'xc7a35t'

Starting Initial Update Timing Task

Time (s): cpu = 00:00:05 ; elapsed = 00:00:02 . Memory (MB): peak = 2999.996 ; gain = 0.000 ; free physical = 6231 ; free virtual = 30201
INFO: [Vivado_Tcl 4-2279] Estimated Timing Summary | WNS= 0.393 | TNS= 0.000 | 
INFO: [Vivado_Tcl 4-383] Design worst setup slack (WNS) is greater than or equal to 0.000 ns. All physical synthesis setup optimizations will be skipped.
INFO: [Vivado_Tcl 4-232] No setup violation found. The netlist was not modified.
INFO: [Common 17-83] Releasing license: Implementation
77 Infos, 0 Warnings, 14 Critical Warnings and 0 Errors encountered.
phys_opt_design completed successfully
INFO: [Timing 38-480] Writing timing data to binary archive.
Write ShapeDB Complete: Time (s): cpu = 00:00:00.12 ; elapsed = 00:00:00.02 . Memory (MB): peak = 2999.996 ; gain = 0.000 ; free physical = 6226 ; free virtual = 30198
Wrote PlaceDB: Time (s): cpu = 00:00:01 ; elapsed = 00:00:00.53 . Memory (MB): peak = 2999.996 ; gain = 0.000 ; free physical = 6180 ; free virtual = 30173
Wrote PulsedLatchDB: Time (s): cpu = 00:00:00 ; elapsed = 00:00:00 . Memory (MB): peak = 2999.996 ; gain = 0.000 ; free physical = 6180 ; free virtual = 30173
Writing XDEF routing.
Writing XDEF routing logical nets.
Writing XDEF routing special nets.
Wrote RouteStorage: Time (s): cpu = 00:00:00.02 ; elapsed = 00:00:00.02 . Memory (MB): peak = 2999.996 ; gain = 0.000 ; free physical = 6180 ; free virtual = 30174
Wrote Netlist Cache: Time (s): cpu = 00:00:00.01 ; elapsed = 00:00:00.01 . Memory (MB): peak = 2999.996 ; gain = 0.000 ; free physical = 6180 ; free virtual = 30175
Wrote Device Cache: Time (s): cpu = 00:00:00.01 ; elapsed = 00:00:00 . Memory (MB): peak = 2999.996 ; gain = 0.000 ; free physical = 6180 ; free virtual = 30175
Write Physdb Complete: Time (s): cpu = 00:00:01 ; elapsed = 00:00:00.57 . Memory (MB): peak = 2999.996 ; gain = 0.000 ; free physical = 6180 ; free virtual = 30175
INFO: [Common 17-1381] The checkpoint '/home/sidharth/Vivado_Projects/tinyriscv_load/tinyriscv_load.runs/impl_1/tinyriscv_soc_top_physopt.dcp' has been generated.
Command: route_design
Attempting to get a license for feature 'Implementation' and/or device 'xc7a35t'
INFO: [Common 17-349] Got license for feature 'Implementation' and/or device 'xc7a35t'
Running DRC as a precondition to command route_design
INFO: [DRC 23-27] Running DRC with 8 threads
INFO: [Vivado_Tcl 4-198] DRC finished with 0 Errors
INFO: [Vivado_Tcl 4-199] Please refer to the DRC report (report_drc) for more information.


Starting Routing Task
INFO: [Route 35-254] Multithreading enabled for route_design using a maximum of 8 CPUs

Phase 1 Build RT Design
Checksum: PlaceDB: 4fad38da ConstDB: 0 ShapeSum: 8f4aba3 RouteDB: a0815c57
Post Restoration Checksum: NetGraph: f3232d38 | NumContArr: d28e78aa | Constraints: c2a8fa9d | Timing: c2a8fa9d
Phase 1 Build RT Design | Checksum: 34b039b1c

Time (s): cpu = 00:00:12 ; elapsed = 00:00:07 . Memory (MB): peak = 3097.938 ; gain = 32.945 ; free physical = 6099 ; free virtual = 30078

Phase 2 Router Initialization

Phase 2.1 Fix Topology Constraints
Phase 2.1 Fix Topology Constraints | Checksum: 34b039b1c

Time (s): cpu = 00:00:12 ; elapsed = 00:00:08 . Memory (MB): peak = 3097.938 ; gain = 32.945 ; free physical = 6099 ; free virtual = 30078

Phase 2.2 Pre Route Cleanup
Phase 2.2 Pre Route Cleanup | Checksum: 34b039b1c

Time (s): cpu = 00:00:12 ; elapsed = 00:00:08 . Memory (MB): peak = 3097.938 ; gain = 32.945 ; free physical = 6099 ; free virtual = 30078
 Number of Nodes with overlaps = 0

Phase 2.3 Update Timing
Phase 2.3 Update Timing | Checksum: 168a0d502

Time (s): cpu = 00:00:20 ; elapsed = 00:00:10 . Memory (MB): peak = 3133.000 ; gain = 68.008 ; free physical = 6072 ; free virtual = 30051
INFO: [Route 35-416] Intermediate Timing Summary | WNS=0.704  | TNS=0.000  | WHS=-0.136 | THS=-58.163|


Router Utilization Summary
  Global Vertical Routing Utilization    = 0.0365941 %
  Global Horizontal Routing Utilization  = 0.0437272 %
  Routable Net Status*
  *Does not include unroutable nets such as driverless and loadless.
  Run report_route_status for detailed report.
  Number of Failed Nets               = 13817
    (Failed Nets is the sum of unrouted and partially routed nets)
  Number of Unrouted Nets             = 13779
  Number of Partially Routed Nets     = 38
  Number of Node Overlaps             = 42

Phase 2 Router Initialization | Checksum: 16454b000

Time (s): cpu = 00:00:23 ; elapsed = 00:00:11 . Memory (MB): peak = 3133.000 ; gain = 68.008 ; free physical = 6073 ; free virtual = 30053

Phase 3 Global Routing
Phase 3 Global Routing | Checksum: 16454b000

Time (s): cpu = 00:00:23 ; elapsed = 00:00:11 . Memory (MB): peak = 3133.000 ; gain = 68.008 ; free physical = 6073 ; free virtual = 30053

Phase 4 Initial Routing

Phase 4.1 Initial Net Routing Pass
Phase 4.1 Initial Net Routing Pass | Checksum: 1c18ea7a5

Time (s): cpu = 00:00:30 ; elapsed = 00:00:12 . Memory (MB): peak = 3135.000 ; gain = 70.008 ; free physical = 6073 ; free virtual = 30052
Phase 4 Initial Routing | Checksum: 1c18ea7a5

Time (s): cpu = 00:00:30 ; elapsed = 00:00:12 . Memory (MB): peak = 3135.000 ; gain = 70.008 ; free physical = 6073 ; free virtual = 30052

Phase 5 Rip-up And Reroute

Phase 5.1 Global Iteration 0
 Number of Nodes with overlaps = 3028
 Number of Nodes with overlaps = 302
 Number of Nodes with overlaps = 102
 Number of Nodes with overlaps = 43
 Number of Nodes with overlaps = 7
 Number of Nodes with overlaps = 3
 Number of Nodes with overlaps = 1
 Number of Nodes with overlaps = 0
INFO: [Route 35-416] Intermediate Timing Summary | WNS=0.548  | TNS=0.000  | WHS=N/A    | THS=N/A    |

Phase 5.1 Global Iteration 0 | Checksum: 1e38c7aad

Time (s): cpu = 00:00:48 ; elapsed = 00:00:22 . Memory (MB): peak = 3135.000 ; gain = 70.008 ; free physical = 6091 ; free virtual = 30071
Phase 5 Rip-up And Reroute | Checksum: 1e38c7aad

Time (s): cpu = 00:00:48 ; elapsed = 00:00:22 . Memory (MB): peak = 3135.000 ; gain = 70.008 ; free physical = 6091 ; free virtual = 30071

Phase 6 Delay and Skew Optimization

Phase 6.1 Delay CleanUp

Phase 6.1.1 Update Timing
Phase 6.1.1 Update Timing | Checksum: 232f70e59

Time (s): cpu = 00:00:50 ; elapsed = 00:00:23 . Memory (MB): peak = 3135.000 ; gain = 70.008 ; free physical = 6092 ; free virtual = 30072
INFO: [Route 35-416] Intermediate Timing Summary | WNS=0.565  | TNS=0.000  | WHS=N/A    | THS=N/A    |

Phase 6.1 Delay CleanUp | Checksum: 232f70e59

Time (s): cpu = 00:00:50 ; elapsed = 00:00:23 . Memory (MB): peak = 3135.000 ; gain = 70.008 ; free physical = 6093 ; free virtual = 30073

Phase 6.2 Clock Skew Optimization
Phase 6.2 Clock Skew Optimization | Checksum: 232f70e59

Time (s): cpu = 00:00:50 ; elapsed = 00:00:23 . Memory (MB): peak = 3135.000 ; gain = 70.008 ; free physical = 6093 ; free virtual = 30073
Phase 6 Delay and Skew Optimization | Checksum: 232f70e59

Time (s): cpu = 00:00:50 ; elapsed = 00:00:23 . Memory (MB): peak = 3135.000 ; gain = 70.008 ; free physical = 6093 ; free virtual = 30073

Phase 7 Post Hold Fix

Phase 7.1 Hold Fix Iter
INFO: [Route 35-416] Intermediate Timing Summary | WNS=0.565  | TNS=0.000  | WHS=0.016  | THS=0.000  |

Phase 7.1 Hold Fix Iter | Checksum: 22c9c9a84

Time (s): cpu = 00:00:52 ; elapsed = 00:00:23 . Memory (MB): peak = 3135.000 ; gain = 70.008 ; free physical = 6093 ; free virtual = 30073
Phase 7 Post Hold Fix | Checksum: 22c9c9a84

Time (s): cpu = 00:00:52 ; elapsed = 00:00:23 . Memory (MB): peak = 3135.000 ; gain = 70.008 ; free physical = 6093 ; free virtual = 30073

Phase 8 Route finalize

Router Utilization Summary
  Global Vertical Routing Utilization    = 12.6708 %
  Global Horizontal Routing Utilization  = 12.001 %
  Routable Net Status*
  *Does not include unroutable nets such as driverless and loadless.
  Run report_route_status for detailed report.
  Number of Failed Nets               = 0
    (Failed Nets is the sum of unrouted and partially routed nets)
  Number of Unrouted Nets             = 0
  Number of Partially Routed Nets     = 0
  Number of Node Overlaps             = 0

Phase 8 Route finalize | Checksum: 22c9c9a84

Time (s): cpu = 00:00:53 ; elapsed = 00:00:23 . Memory (MB): peak = 3135.000 ; gain = 70.008 ; free physical = 6093 ; free virtual = 30073

Phase 9 Verifying routed nets

 Verification completed successfully
Phase 9 Verifying routed nets | Checksum: 22c9c9a84

Time (s): cpu = 00:00:53 ; elapsed = 00:00:23 . Memory (MB): peak = 3135.000 ; gain = 70.008 ; free physical = 6093 ; free virtual = 30073

Phase 10 Depositing Routes
Phase 10 Depositing Routes | Checksum: 27d4cc605

Time (s): cpu = 00:00:54 ; elapsed = 00:00:24 . Memory (MB): peak = 3135.000 ; gain = 70.008 ; free physical = 6095 ; free virtual = 30075

Phase 11 Post Process Routing
Phase 11 Post Process Routing | Checksum: 27d4cc605

Time (s): cpu = 00:00:54 ; elapsed = 00:00:24 . Memory (MB): peak = 3135.000 ; gain = 70.008 ; free physical = 6095 ; free virtual = 30075

Phase 12 Post Router Timing
INFO: [Route 35-57] Estimated Timing Summary | WNS=0.565  | TNS=0.000  | WHS=0.016  | THS=0.000  |

INFO: [Route 35-327] The final timing numbers are based on the router estimated timing analysis. For a complete and accurate timing signoff, please run report_timing_summary.
Phase 12 Post Router Timing | Checksum: 27d4cc605

Time (s): cpu = 00:00:54 ; elapsed = 00:00:24 . Memory (MB): peak = 3135.000 ; gain = 70.008 ; free physical = 6095 ; free virtual = 30075
Total Elapsed time in route_design: 23.99 secs

Phase 13 Post-Route Event Processing
Phase 13 Post-Route Event Processing | Checksum: 1c09cd046

Time (s): cpu = 00:00:54 ; elapsed = 00:00:24 . Memory (MB): peak = 3135.000 ; gain = 70.008 ; free physical = 6095 ; free virtual = 30075
INFO: [Route 35-16] Router Completed Successfully
Ending Routing Task | Checksum: 1c09cd046

Time (s): cpu = 00:00:54 ; elapsed = 00:00:24 . Memory (MB): peak = 3135.000 ; gain = 70.008 ; free physical = 6095 ; free virtual = 30075

Routing Is Done.
INFO: [Common 17-83] Releasing license: Implementation
92 Infos, 0 Warnings, 14 Critical Warnings and 0 Errors encountered.
route_design completed successfully
route_design: Time (s): cpu = 00:00:56 ; elapsed = 00:00:25 . Memory (MB): peak = 3135.000 ; gain = 135.004 ; free physical = 6095 ; free virtual = 30075
INFO: [Vivado 12-24828] Executing command : report_drc -file tinyriscv_soc_top_drc_routed.rpt -pb tinyriscv_soc_top_drc_routed.pb -rpx tinyriscv_soc_top_drc_routed.rpx
Command: report_drc -file tinyriscv_soc_top_drc_routed.rpt -pb tinyriscv_soc_top_drc_routed.pb -rpx tinyriscv_soc_top_drc_routed.rpx
INFO: [IP_Flow 19-1839] IP Catalog is up to date.
INFO: [DRC 23-27] Running DRC with 8 threads
INFO: [Vivado_Tcl 2-168] The results of DRC are in file /home/sidharth/Vivado_Projects/tinyriscv_load/tinyriscv_load.runs/impl_1/tinyriscv_soc_top_drc_routed.rpt.
report_drc completed successfully
INFO: [Vivado 12-24828] Executing command : report_methodology -file tinyriscv_soc_top_methodology_drc_routed.rpt -pb tinyriscv_soc_top_methodology_drc_routed.pb -rpx tinyriscv_soc_top_methodology_drc_routed.rpx
Command: report_methodology -file tinyriscv_soc_top_methodology_drc_routed.rpt -pb tinyriscv_soc_top_methodology_drc_routed.pb -rpx tinyriscv_soc_top_methodology_drc_routed.rpx
INFO: [Timing 38-35] Done setting XDC timing constraints.
INFO: [DRC 23-133] Running Methodology with 8 threads
INFO: [Vivado_Tcl 2-1520] The results of Report Methodology are in file /home/sidharth/Vivado_Projects/tinyriscv_load/tinyriscv_load.runs/impl_1/tinyriscv_soc_top_methodology_drc_routed.rpt.
report_methodology completed successfully
INFO: [Vivado 12-24828] Executing command : report_timing_summary -max_paths 10 -report_unconstrained -file tinyriscv_soc_top_timing_summary_routed.rpt -pb tinyriscv_soc_top_timing_summary_routed.pb -rpx tinyriscv_soc_top_timing_summary_routed.rpx -warn_on_violation 
INFO: [Timing 38-35] Done setting XDC timing constraints.
INFO: [Timing 38-91] UpdateTimingParams: Speed grade: -1, Delay Type: min_max.
INFO: [Timing 38-191] Multithreading enabled for timing update using a maximum of 8 CPUs
INFO: [Vivado 12-24838] Running report commands "report_bus_skew, report_incremental_reuse, report_route_status" in parallel.
Running report generation with 3 threads.
INFO: [Vivado 12-24828] Executing command : report_incremental_reuse -file tinyriscv_soc_top_incremental_reuse_routed.rpt
INFO: [Vivado_Tcl 4-1062] Incremental flow is disabled. No incremental reuse Info to report.
INFO: [Vivado 12-24828] Executing command : report_bus_skew -warn_on_violation -file tinyriscv_soc_top_bus_skew_routed.rpt -pb tinyriscv_soc_top_bus_skew_routed.pb -rpx tinyriscv_soc_top_bus_skew_routed.rpx
INFO: [Timing 38-91] UpdateTimingParams: Speed grade: -1, Delay Type: min_max.
INFO: [Timing 38-191] Multithreading enabled for timing update using a maximum of 8 CPUs
INFO: [Vivado 12-24828] Executing command : report_route_status -file tinyriscv_soc_top_route_status.rpt -pb tinyriscv_soc_top_route_status.pb
INFO: [Vivado 12-24828] Executing command : report_power -file tinyriscv_soc_top_power_routed.rpt -pb tinyriscv_soc_top_power_summary_routed.pb -rpx tinyriscv_soc_top_power_routed.rpx
Command: report_power -file tinyriscv_soc_top_power_routed.rpt -pb tinyriscv_soc_top_power_summary_routed.pb -rpx tinyriscv_soc_top_power_routed.rpx
Running Vector-less Activity Propagation...

Finished Running Vector-less Activity Propagation
WARNING: [Power 33-332] Found switching activity that implies high-fanout reset nets being asserted for excessive periods of time which may result in inaccurate power analysis.
Resolution: To review and fix problems, please run Power Constraints Advisor in the GUI from Tools > Power Constraints Advisor or run report_power with the -advisory option to generate a text report.
112 Infos, 1 Warnings, 14 Critical Warnings and 0 Errors encountered.
report_power completed successfully
INFO: [Vivado 12-24828] Executing command : report_clock_utilization -file tinyriscv_soc_top_clock_utilization_routed.rpt
WARNING: [Device 21-9320] Failed to find the Oracle tile group with name 'HSR_BOUNDARY_TOP'. This is required for Clock regions and Virtual grid.
WARNING: [Device 21-2174] Failed to initialize Virtual grid.
generate_parallel_reports: Time (s): cpu = 00:00:26 ; elapsed = 00:00:08 . Memory (MB): peak = 3277.598 ; gain = 142.598 ; free physical = 5990 ; free virtual = 29978
INFO: [Timing 38-480] Writing timing data to binary archive.
Write ShapeDB Complete: Time (s): cpu = 00:00:00.13 ; elapsed = 00:00:00.03 . Memory (MB): peak = 3277.598 ; gain = 0.000 ; free physical = 5987 ; free virtual = 29978
Wrote PlaceDB: Time (s): cpu = 00:00:01 ; elapsed = 00:00:00.53 . Memory (MB): peak = 3277.598 ; gain = 0.000 ; free physical = 5963 ; free virtual = 29973
Wrote PulsedLatchDB: Time (s): cpu = 00:00:00 ; elapsed = 00:00:00 . Memory (MB): peak = 3277.598 ; gain = 0.000 ; free physical = 5963 ; free virtual = 29973
Writing XDEF routing.
Writing XDEF routing logical nets.
Writing XDEF routing special nets.
Wrote RouteStorage: Time (s): cpu = 00:00:00.15 ; elapsed = 00:00:00.09 . Memory (MB): peak = 3277.598 ; gain = 0.000 ; free physical = 5954 ; free virtual = 29967
Wrote Netlist Cache: Time (s): cpu = 00:00:00.01 ; elapsed = 00:00:00.02 . Memory (MB): peak = 3277.598 ; gain = 0.000 ; free physical = 5954 ; free virtual = 29969
Wrote Device Cache: Time (s): cpu = 00:00:00 ; elapsed = 00:00:00 . Memory (MB): peak = 3277.598 ; gain = 0.000 ; free physical = 5954 ; free virtual = 29970
Write Physdb Complete: Time (s): cpu = 00:00:01 ; elapsed = 00:00:00.64 . Memory (MB): peak = 3277.598 ; gain = 0.000 ; free physical = 5954 ; free virtual = 29970
INFO: [Common 17-1381] The checkpoint '/home/sidharth/Vivado_Projects/tinyriscv_load/tinyriscv_load.runs/impl_1/tinyriscv_soc_top_routed.dcp' has been generated.
INFO: [Common 17-206] Exiting Vivado at Wed Jun 11 07:01:49 2025...
