Copyright 1986-2022 Xilinx, Inc. All Rights Reserved. Copyright 2022-2024 Advanced Micro Devices, Inc. All Rights Reserved.
---------------------------------------------------------------------------------------------------------------------------------------------
| Tool Version : Vivado v.2024.1 (lin64) Build 5076996 Wed May 22 18:36:09 MDT 2024
| Date         : Fri Apr  4 10:11:05 2025
| Host         : sidharth-Alienware-Aurora-Ryzen-Edition running 64-bit Ubuntu 24.04.1 LTS
| Command      : report_control_sets -verbose -file processor_control_sets_placed.rpt
| Design       : processor
| Device       : xc7a35t
---------------------------------------------------------------------------------------------------------------------------------------------

Control Set Information

Table of Contents
-----------------
1. Summary
2. Histogram
3. Flip-Flop Distribution
4. Detailed Control Set Information

1. Summary
----------

+----------------------------------------------------------+-------+
|                          Status                          | Count |
+----------------------------------------------------------+-------+
| Total control sets                                       |   130 |
|    Minimum number of control sets                        |   130 |
|    Addition due to synthesis replication                 |     0 |
|    Addition due to physical synthesis replication        |     0 |
| Unused register locations in slices containing registers |     4 |
+----------------------------------------------------------+-------+
* Control sets can be merged at opt_design using control_set_merge or merge_equivalent_drivers
** Run report_qor_suggestions for automated merging and remapping suggestions


2. Histogram
------------

+--------------------+-------+
|       Fanout       | Count |
+--------------------+-------+
| Total control sets |   130 |
| >= 0 to < 4        |     0 |
| >= 4 to < 6        |     1 |
| >= 6 to < 8        |     0 |
| >= 8 to < 10       |   128 |
| >= 10 to < 12      |     0 |
| >= 12 to < 14      |     0 |
| >= 14 to < 16      |     0 |
| >= 16              |     1 |
+--------------------+-------+
* Control sets can be remapped at either synth_design or opt_design


3. Flip-Flop Distribution
-------------------------

+--------------+-----------------------+------------------------+-----------------+--------------+
| Clock Enable | Synchronous Set/Reset | Asynchronous Set/Reset | Total Registers | Total Slices |
+--------------+-----------------------+------------------------+-----------------+--------------+
| No           | No                    | No                     |               0 |            0 |
| No           | No                    | Yes                    |               4 |            2 |
| No           | Yes                   | No                     |               0 |            0 |
| Yes          | No                    | No                     |            1024 |          540 |
| Yes          | No                    | Yes                    |               0 |            0 |
| Yes          | Yes                   | No                     |               0 |            0 |
+--------------+-----------------------+------------------------+-----------------+--------------+


4. Detailed Control Set Information
-----------------------------------

+----------------+-----------------------------------------+------------------+------------------+----------------+--------------+
|  Clock Signal  |              Enable Signal              | Set/Reset Signal | Slice Load Count | Bel Load Count | Bels / Slice |
+----------------+-----------------------------------------+------------------+------------------+----------------+--------------+
|  clk_IBUF_BUFG |                                         | reset_IBUF       |                2 |              4 |         2.00 |
|  clk_IBUF_BUFG | alu_unit/data_mem[33][7]_i_3_8[0]       |                  |                4 |              8 |         2.00 |
|  clk_IBUF_BUFG | alu_unit/data_mem[0][7]_i_8_43[0]       |                  |                2 |              8 |         4.00 |
|  clk_IBUF_BUFG | alu_unit/data_mem[33][7]_i_3_7[0]       |                  |                5 |              8 |         1.60 |
|  clk_IBUF_BUFG | alu_unit/data_mem[65][7]_i_3_10[0]      |                  |                3 |              8 |         2.67 |
|  clk_IBUF_BUFG | alu_unit/data_mem[65][7]_i_3_1[0]       |                  |                4 |              8 |         2.00 |
|  clk_IBUF_BUFG | alu_unit/data_mem[65][7]_i_3_0[0]       |                  |                5 |              8 |         1.60 |
|  clk_IBUF_BUFG | alu_unit/data_mem[65][7]_i_3_12[0]      |                  |                3 |              8 |         2.67 |
|  clk_IBUF_BUFG | alu_unit/data_mem[65][7]_i_3_11[0]      |                  |                3 |              8 |         2.67 |
|  clk_IBUF_BUFG | alu_unit/data_mem[65][7]_i_3_2[0]       |                  |                5 |              8 |         1.60 |
|  clk_IBUF_BUFG | alu_unit/data_mem[65][7]_i_3_14[0]      |                  |                5 |              8 |         1.60 |
|  clk_IBUF_BUFG | alu_unit/data_mem[65][7]_i_3_13[0]      |                  |                5 |              8 |         1.60 |
|  clk_IBUF_BUFG | alu_unit/data_mem[0][7]_i_8_20[0]       |                  |                4 |              8 |         2.00 |
|  clk_IBUF_BUFG | alu_unit/data_mem[0][7]_i_8_21[0]       |                  |                5 |              8 |         1.60 |
|  clk_IBUF_BUFG | alu_unit/data_mem[0][7]_i_8_41[0]       |                  |                4 |              8 |         2.00 |
|  clk_IBUF_BUFG | alu_unit/data_mem[0][7]_i_8_42[0]       |                  |                5 |              8 |         1.60 |
|  clk_IBUF_BUFG | alu_unit/data_mem[0][7]_i_8_44[0]       |                  |                5 |              8 |         1.60 |
|  clk_IBUF_BUFG | alu_unit/data_mem[33][7]_i_3_9[0]       |                  |                3 |              8 |         2.67 |
|  clk_IBUF_BUFG | alu_unit/data_mem[33][7]_i_3_6[0]       |                  |                4 |              8 |         2.00 |
|  clk_IBUF_BUFG | alu_unit/data_mem[33][7]_i_3_5[0]       |                  |                4 |              8 |         2.00 |
|  clk_IBUF_BUFG | alu_unit/data_mem[33][7]_i_3_15[0]      |                  |                5 |              8 |         1.60 |
|  clk_IBUF_BUFG | alu_unit/data_mem[33][7]_i_3_2[0]       |                  |                5 |              8 |         1.60 |
|  clk_IBUF_BUFG | alu_unit/data_mem[33][7]_i_3_3[0]       |                  |                4 |              8 |         2.00 |
|  clk_IBUF_BUFG | alu_unit/data_mem[33][7]_i_3_4[0]       |                  |                4 |              8 |         2.00 |
|  clk_IBUF_BUFG | alu_unit/data_mem[33][7]_i_3_12[0]      |                  |                4 |              8 |         2.00 |
|  clk_IBUF_BUFG | alu_unit/data_mem[33][7]_i_3_13[0]      |                  |                5 |              8 |         1.60 |
|  clk_IBUF_BUFG | alu_unit/data_mem[1][7]_i_5_1[0]        |                  |                5 |              8 |         1.60 |
|  clk_IBUF_BUFG | alu_unit/data_mem[33][7]_i_3_11[0]      |                  |                6 |              8 |         1.33 |
|  clk_IBUF_BUFG | alu_unit/data_mem[1][7]_i_5_7[0]        |                  |                4 |              8 |         2.00 |
|  clk_IBUF_BUFG | alu_unit/data_mem[1][7]_i_5_5[0]        |                  |                5 |              8 |         1.60 |
|  clk_IBUF_BUFG | alu_unit/data_mem[1][7]_i_5_2[0]        |                  |                4 |              8 |         2.00 |
|  clk_IBUF_BUFG | alu_unit/data_mem[1][7]_i_5_3[0]        |                  |                3 |              8 |         2.67 |
|  clk_IBUF_BUFG | alu_unit/data_mem[1][7]_i_5_4[0]        |                  |                2 |              8 |         4.00 |
|  clk_IBUF_BUFG | alu_unit/data_mem[97][7]_i_3_2[0]       |                  |                3 |              8 |         2.67 |
|  clk_IBUF_BUFG | alu_unit/data_mem[97][7]_i_3_0[0]       |                  |                4 |              8 |         2.00 |
|  clk_IBUF_BUFG | alu_unit/data_mem[97][7]_i_3_1[0]       |                  |                4 |              8 |         2.00 |
|  clk_IBUF_BUFG | alu_unit/data_mem[97][7]_i_3_10[0]      |                  |                5 |              8 |         1.60 |
|  clk_IBUF_BUFG | alu_unit/data_mem[97][7]_i_3_11[0]      |                  |                4 |              8 |         2.00 |
|  clk_IBUF_BUFG | alu_unit/data_mem[97][7]_i_3_12[0]      |                  |                5 |              8 |         1.60 |
|  clk_IBUF_BUFG | alu_unit/data_mem[97][7]_i_3_13[0]      |                  |                3 |              8 |         2.67 |
|  clk_IBUF_BUFG | alu_unit/data_mem[97][7]_i_3_14[0]      |                  |                4 |              8 |         2.00 |
|  clk_IBUF_BUFG | alu_unit/data_mem[97][7]_i_3_15[0]      |                  |                5 |              8 |         1.60 |
|  clk_IBUF_BUFG | alu_unit/data_mem[65][7]_i_3_9[0]       |                  |                3 |              8 |         2.67 |
|  clk_IBUF_BUFG | alu_unit/data_mem[97][7]_i_3_3[0]       |                  |                3 |              8 |         2.67 |
|  clk_IBUF_BUFG | alu_unit/data_mem[97][7]_i_3_4[0]       |                  |                4 |              8 |         2.00 |
|  clk_IBUF_BUFG | alu_unit/data_mem[97][7]_i_3_5[0]       |                  |                5 |              8 |         1.60 |
|  clk_IBUF_BUFG | alu_unit/data_mem[97][7]_i_3_6[0]       |                  |                3 |              8 |         2.67 |
|  clk_IBUF_BUFG | alu_unit/data_mem[97][7]_i_3_7[0]       |                  |                4 |              8 |         2.00 |
|  clk_IBUF_BUFG | alu_unit/data_mem[97][7]_i_3_8[0]       |                  |                4 |              8 |         2.00 |
|  clk_IBUF_BUFG | alu_unit/data_mem[97][7]_i_3_9[0]       |                  |                4 |              8 |         2.00 |
|  clk_IBUF_BUFG | alu_unit/data_mem[1][7]_i_4_6[0]        |                  |                3 |              8 |         2.67 |
|  clk_IBUF_BUFG | alu_unit/data_mem[65][7]_i_3_8[0]       |                  |                4 |              8 |         2.00 |
|  clk_IBUF_BUFG | alu_unit/data_mem[65][7]_i_3_7[0]       |                  |                6 |              8 |         1.33 |
|  clk_IBUF_BUFG | alu_unit/data_mem[65][7]_i_3_6[0]       |                  |                5 |              8 |         1.60 |
|  clk_IBUF_BUFG | alu_unit/data_mem[65][7]_i_3_5[0]       |                  |                3 |              8 |         2.67 |
|  clk_IBUF_BUFG | alu_unit/data_mem[65][7]_i_3_4[0]       |                  |                3 |              8 |         2.67 |
|  clk_IBUF_BUFG | alu_unit/data_mem[65][7]_i_3_3[0]       |                  |                6 |              8 |         1.33 |
|  clk_IBUF_BUFG | alu_unit/data_mem[65][7]_i_3[0]         |                  |                3 |              8 |         2.67 |
|  clk_IBUF_BUFG | alu_unit/data_mem[33][7]_i_3_10[0]      |                  |                4 |              8 |         2.00 |
|  clk_IBUF_BUFG | alu_unit/data_mem[33][7]_i_3_1[0]       |                  |                4 |              8 |         2.00 |
|  clk_IBUF_BUFG | alu_unit/data_mem[33][7]_i_3_0[0]       |                  |                4 |              8 |         2.00 |
|  clk_IBUF_BUFG | alu_unit/data_mem[1][7]_i_5_6[0]        |                  |                5 |              8 |         1.60 |
|  clk_IBUF_BUFG | alu_unit/data_mem[0][7]_i_8_7[0]        |                  |                4 |              8 |         2.00 |
|  clk_IBUF_BUFG | alu_unit/data_mem[0][7]_i_8_6[0]        |                  |                6 |              8 |         1.33 |
|  clk_IBUF_BUFG | alu_unit/data_mem[0][7]_i_8_53[0]       |                  |                6 |              8 |         1.33 |
|  clk_IBUF_BUFG | alu_unit/data_mem[0][7]_i_8_52[0]       |                  |                4 |              8 |         2.00 |
|  clk_IBUF_BUFG | alu_unit/data_mem[0][7]_i_8_13[0]       |                  |                2 |              8 |         4.00 |
|  clk_IBUF_BUFG | alu_unit/data_mem[0][7]_i_8_26[0]       |                  |                4 |              8 |         2.00 |
|  clk_IBUF_BUFG | alu_unit/data_mem[0][7]_i_8_27[0]       |                  |                3 |              8 |         2.67 |
|  clk_IBUF_BUFG | alu_unit/data_mem[0][7]_i_8_28[0]       |                  |                5 |              8 |         1.60 |
|  clk_IBUF_BUFG | alu_unit/data_mem[0][7]_i_8_17[0]       |                  |                3 |              8 |         2.67 |
|  clk_IBUF_BUFG | alu_unit/data_mem[0][7]_i_8_24[0]       |                  |                4 |              8 |         2.00 |
|  clk_IBUF_BUFG | alu_unit/data_mem[0][7]_i_8_25[0]       |                  |                6 |              8 |         1.33 |
|  clk_IBUF_BUFG | alu_unit/data_mem[0][7]_i_8_2[0]        |                  |                5 |              8 |         1.60 |
|  clk_IBUF_BUFG | alu_unit/data_mem[0][7]_i_8_22[0]       |                  |                5 |              8 |         1.60 |
|  clk_IBUF_BUFG | alu_unit/data_mem[0][7]_i_8_19[0]       |                  |                4 |              8 |         2.00 |
|  clk_IBUF_BUFG | alu_unit/data_mem[0][7]_i_8_23[0]       |                  |                6 |              8 |         1.33 |
|  clk_IBUF_BUFG | alu_unit/data_mem[0][7]_i_8_18[0]       |                  |                4 |              8 |         2.00 |
|  clk_IBUF_BUFG | alu_unit/data_mem[0][7]_i_8_1[0]        |                  |                4 |              8 |         2.00 |
|  clk_IBUF_BUFG | alu_unit/data_mem[0][7]_i_8_12[0]       |                  |                4 |              8 |         2.00 |
|  clk_IBUF_BUFG | alu_unit/data_mem[0][7]_i_8_16[0]       |                  |                3 |              8 |         2.67 |
|  clk_IBUF_BUFG | alu_unit/data_mem[0][7]_i_8_14[0]       |                  |                6 |              8 |         1.33 |
|  clk_IBUF_BUFG | alu_unit/data_mem[1][7]_i_4_4[0]        |                  |                6 |              8 |         1.33 |
|  clk_IBUF_BUFG | alu_unit/data_mem[0][7]_i_8_15[0]       |                  |                3 |              8 |         2.67 |
|  clk_IBUF_BUFG | alu_unit/data_mem[0][7]_i_8_11[0]       |                  |                4 |              8 |         2.00 |
|  clk_IBUF_BUFG | alu_unit/data_mem[0][7]_i_8_0[0]        |                  |                4 |              8 |         2.00 |
|  clk_IBUF_BUFG | alu_unit/data_mem[0][7]_i_8_10[0]       |                  |                3 |              8 |         2.67 |
|  clk_IBUF_BUFG | alu_unit/data_mem[0][7]_i_8[0]          |                  |                4 |              8 |         2.00 |
|  clk_IBUF_BUFG | alu_unit/E[0]                           |                  |                3 |              8 |         2.67 |
|  clk_IBUF_BUFG | alu_unit/data_mem[33][7]_i_3_14[0]      |                  |                3 |              8 |         2.67 |
|  clk_IBUF_BUFG | program_counter/data_mem[0][7]_i_8_7[0] |                  |                3 |              8 |         2.67 |
|  clk_IBUF_BUFG | program_counter/data_mem[0][7]_i_8_6[0] |                  |                5 |              8 |         1.60 |
|  clk_IBUF_BUFG | program_counter/data_mem[0][7]_i_8_5[0] |                  |                4 |              8 |         2.00 |
|  clk_IBUF_BUFG | program_counter/data_mem[0][7]_i_8_4[0] |                  |                6 |              8 |         1.33 |
|  clk_IBUF_BUFG | program_counter/data_mem[0][7]_i_8_2[0] |                  |                4 |              8 |         2.00 |
|  clk_IBUF_BUFG | program_counter/data_mem[0][7]_i_8_1[0] |                  |                5 |              8 |         1.60 |
|  clk_IBUF_BUFG | program_counter/data_mem[0][7]_i_8_3[0] |                  |                4 |              8 |         2.00 |
|  clk_IBUF_BUFG | program_counter/data_mem[0][7]_i_8_0[0] |                  |                4 |              8 |         2.00 |
|  clk_IBUF_BUFG | alu_unit/data_mem[0][7]_i_8_29[0]       |                  |                3 |              8 |         2.67 |
|  clk_IBUF_BUFG | alu_unit/data_mem[1][7]_i_4_5[0]        |                  |                4 |              8 |         2.00 |
|  clk_IBUF_BUFG | alu_unit/data_mem[1][7]_i_4_7[0]        |                  |                4 |              8 |         2.00 |
|  clk_IBUF_BUFG | alu_unit/data_mem[1][7]_i_4_3[0]        |                  |                3 |              8 |         2.67 |
|  clk_IBUF_BUFG | alu_unit/data_mem[1][7]_i_4_2[0]        |                  |                4 |              8 |         2.00 |
|  clk_IBUF_BUFG | alu_unit/data_mem[0][7]_i_9_1[0]        |                  |                4 |              8 |         2.00 |
|  clk_IBUF_BUFG | alu_unit/data_mem[0][7]_i_8_34[0]       |                  |                7 |              8 |         1.14 |
|  clk_IBUF_BUFG | alu_unit/data_mem[0][7]_i_9_2[0]        |                  |                3 |              8 |         2.67 |
|  clk_IBUF_BUFG | alu_unit/data_mem[0][7]_i_9_0[0]        |                  |                5 |              8 |         1.60 |
|  clk_IBUF_BUFG | alu_unit/data_mem[0][7]_i_8_9[0]        |                  |                3 |              8 |         2.67 |
|  clk_IBUF_BUFG | alu_unit/data_mem[0][7]_i_8_51[0]       |                  |                6 |              8 |         1.33 |
|  clk_IBUF_BUFG | alu_unit/data_mem[0][7]_i_8_8[0]        |                  |                5 |              8 |         1.60 |
|  clk_IBUF_BUFG | alu_unit/data_mem[0][7]_i_8_50[0]       |                  |                4 |              8 |         2.00 |
|  clk_IBUF_BUFG | alu_unit/data_mem[0][7]_i_8_49[0]       |                  |                4 |              8 |         2.00 |
|  clk_IBUF_BUFG | alu_unit/data_mem[0][7]_i_8_48[0]       |                  |                5 |              8 |         1.60 |
|  clk_IBUF_BUFG | alu_unit/data_mem[0][7]_i_8_5[0]        |                  |                4 |              8 |         2.00 |
|  clk_IBUF_BUFG | alu_unit/data_mem[0][7]_i_8_46[0]       |                  |                6 |              8 |         1.33 |
|  clk_IBUF_BUFG | alu_unit/data_mem[0][7]_i_8_45[0]       |                  |                4 |              8 |         2.00 |
|  clk_IBUF_BUFG | alu_unit/data_mem[0][7]_i_8_40[0]       |                  |                4 |              8 |         2.00 |
|  clk_IBUF_BUFG | alu_unit/data_mem[0][7]_i_8_47[0]       |                  |                5 |              8 |         1.60 |
|  clk_IBUF_BUFG | alu_unit/data_mem[0][7]_i_8_37[0]       |                  |                6 |              8 |         1.33 |
|  clk_IBUF_BUFG | alu_unit/data_mem[0][7]_i_8_4[0]        |                  |                3 |              8 |         2.67 |
|  clk_IBUF_BUFG | alu_unit/data_mem[0][7]_i_8_39[0]       |                  |                3 |              8 |         2.67 |
|  clk_IBUF_BUFG | alu_unit/data_mem[0][7]_i_8_35[0]       |                  |                4 |              8 |         2.00 |
|  clk_IBUF_BUFG | alu_unit/data_mem[0][7]_i_8_38[0]       |                  |                4 |              8 |         2.00 |
|  clk_IBUF_BUFG | alu_unit/data_mem[0][7]_i_8_36[0]       |                  |                6 |              8 |         1.33 |
|  clk_IBUF_BUFG | alu_unit/data_mem[0][7]_i_8_30[0]       |                  |                6 |              8 |         1.33 |
|  clk_IBUF_BUFG | alu_unit/data_mem[0][7]_i_8_31[0]       |                  |                5 |              8 |         1.60 |
|  clk_IBUF_BUFG | alu_unit/data_mem[0][7]_i_8_33[0]       |                  |                4 |              8 |         2.00 |
|  clk_IBUF_BUFG | alu_unit/data_mem[0][7]_i_8_32[0]       |                  |                5 |              8 |         1.60 |
|  clk_IBUF_BUFG | alu_unit/data_mem[0][7]_i_8_3[0]        |                  |                3 |              8 |         2.67 |
|  clk_IBUF_BUFG | program_counter/regWrite                |                  |                4 |             32 |         8.00 |
+----------------+-----------------------------------------+------------------+------------------+----------------+--------------+


