
*** Running vivado
    with args -log processor.vds -m64 -product Vivado -mode batch -messageDb vivado.pb -notrace -source processor.tcl


****** Vivado v2024.1 (64-bit)
  **** SW Build 5076996 on Wed May 22 18:36:09 MDT 2024
  **** IP Build 5075265 on Wed May 22 21:45:21 MDT 2024
  **** SharedData Build 5076995 on Wed May 22 18:29:18 MDT 2024
  **** Start of session at: Fri Apr  4 10:10:03 2025
    ** Copyright 1986-2022 Xilinx, Inc. All Rights Reserved.
    ** Copyright 2022-2024 Advanced Micro Devices, Inc. All Rights Reserved.

source processor.tcl -notrace
Command: read_checkpoint -auto_incremental -incremental /home/sidharth/Vivado_Projects/CA-590/CA-590.srcs/utils_1/imports/synth_1/processor.dcp
INFO: [Vivado 12-5825] Read reference checkpoint from /home/sidharth/Vivado_Projects/CA-590/CA-590.srcs/utils_1/imports/synth_1/processor.dcp for incremental synthesis
INFO: [Vivado 12-7989] Please ensure there are no constraint changes
Command: synth_design -top processor -part xc7a35tcpg236-1
Starting synth_design
Attempting to get a license for feature 'Synthesis' and/or device 'xc7a35t'
INFO: [Common 17-349] Got license for feature 'Synthesis' and/or device 'xc7a35t'
INFO: [Device 21-403] Loading part xc7a35tcpg236-1
INFO: [Device 21-9227] Part: xc7a35tcpg236-1 does not have CEAM library.
INFO: [Designutils 20-5440] No compile time benefit to using incremental synthesis; A full resynthesis will be run
INFO: [Designutils 20-4379] Flow is switching to default flow due to incremental criteria not met. If you would like to alter this behaviour and have the flow terminate instead, please set the following parameter config_implementation {autoIncr.Synth.RejectBehavior Terminate}
INFO: [Synth 8-7079] Multithreading enabled for synth_design using a maximum of 4 processes.
INFO: [Synth 8-7078] Launching helper process for spawning children vivado processes
INFO: [Synth 8-7075] Helper process launched with PID 1053291
---------------------------------------------------------------------------------
Starting RTL Elaboration : Time (s): cpu = 00:00:02 ; elapsed = 00:00:02 . Memory (MB): peak = 2157.656 ; gain = 415.652 ; free physical = 10078 ; free virtual = 29439
---------------------------------------------------------------------------------
INFO: [Synth 8-6157] synthesizing module 'processor' [/home/sidharth/Vivado_Projects/CA-590/CA-590.srcs/sources_1/imports/src/processor.v:23]
INFO: [Synth 8-6157] synthesizing module 'pc' [/home/sidharth/Vivado_Projects/CA-590/CA-590.srcs/sources_1/imports/src/pc.v:23]
INFO: [Synth 8-6155] done synthesizing module 'pc' (0#1) [/home/sidharth/Vivado_Projects/CA-590/CA-590.srcs/sources_1/imports/src/pc.v:23]
INFO: [Synth 8-6157] synthesizing module 'adder_pc' [/home/sidharth/Vivado_Projects/CA-590/CA-590.srcs/sources_1/imports/src/adder_pc.v:3]
INFO: [Synth 8-6155] done synthesizing module 'adder_pc' (0#1) [/home/sidharth/Vivado_Projects/CA-590/CA-590.srcs/sources_1/imports/src/adder_pc.v:3]
INFO: [Synth 8-6157] synthesizing module 'instruction_mem' [/home/sidharth/Vivado_Projects/CA-590/CA-590.srcs/sources_1/imports/src/instruction_mem.v:23]
INFO: [Synth 8-6155] done synthesizing module 'instruction_mem' (0#1) [/home/sidharth/Vivado_Projects/CA-590/CA-590.srcs/sources_1/imports/src/instruction_mem.v:23]
INFO: [Synth 8-6157] synthesizing module 'control_unit' [/home/sidharth/Vivado_Projects/CA-590/CA-590.srcs/sources_1/imports/src/control_unit.v:1]
INFO: [Synth 8-6155] done synthesizing module 'control_unit' (0#1) [/home/sidharth/Vivado_Projects/CA-590/CA-590.srcs/sources_1/imports/src/control_unit.v:1]
INFO: [Synth 8-6157] synthesizing module 'register_file' [/home/sidharth/Vivado_Projects/CA-590/CA-590.srcs/sources_1/imports/src/register_file.v:1]
INFO: [Synth 8-6155] done synthesizing module 'register_file' (0#1) [/home/sidharth/Vivado_Projects/CA-590/CA-590.srcs/sources_1/imports/src/register_file.v:1]
INFO: [Synth 8-6157] synthesizing module 'sign_extension' [/home/sidharth/Vivado_Projects/CA-590/CA-590.srcs/sources_1/imports/src/sign_extension.v:23]
	Parameter WIDTH bound to: 4 - type: integer 
	Parameter BIT_W bound to: 12 - type: integer 
INFO: [Synth 8-6155] done synthesizing module 'sign_extension' (0#1) [/home/sidharth/Vivado_Projects/CA-590/CA-590.srcs/sources_1/imports/src/sign_extension.v:23]
INFO: [Synth 8-6157] synthesizing module 'sign_extension__parameterized0' [/home/sidharth/Vivado_Projects/CA-590/CA-590.srcs/sources_1/imports/src/sign_extension.v:23]
	Parameter WIDTH bound to: 12 - type: integer 
	Parameter BIT_W bound to: 4 - type: integer 
INFO: [Synth 8-6155] done synthesizing module 'sign_extension__parameterized0' (0#1) [/home/sidharth/Vivado_Projects/CA-590/CA-590.srcs/sources_1/imports/src/sign_extension.v:23]
INFO: [Synth 8-6157] synthesizing module 'mux' [/home/sidharth/Vivado_Projects/CA-590/CA-590.srcs/sources_1/imports/src/mux.v:23]
INFO: [Synth 8-6155] done synthesizing module 'mux' (0#1) [/home/sidharth/Vivado_Projects/CA-590/CA-590.srcs/sources_1/imports/src/mux.v:23]
INFO: [Synth 8-6157] synthesizing module 'ALU' [/home/sidharth/Vivado_Projects/CA-590/CA-590.srcs/sources_1/imports/src/ALU.v:23]
INFO: [Synth 8-6155] done synthesizing module 'ALU' (0#1) [/home/sidharth/Vivado_Projects/CA-590/CA-590.srcs/sources_1/imports/src/ALU.v:23]
INFO: [Synth 8-6157] synthesizing module 'is_zero' [/home/sidharth/Vivado_Projects/CA-590/CA-590.srcs/sources_1/imports/src/is_zero.v:23]
INFO: [Synth 8-6155] done synthesizing module 'is_zero' (0#1) [/home/sidharth/Vivado_Projects/CA-590/CA-590.srcs/sources_1/imports/src/is_zero.v:23]
INFO: [Synth 8-6157] synthesizing module 'adder_branch' [/home/sidharth/Vivado_Projects/CA-590/CA-590.srcs/sources_1/imports/src/adder_branch.v:3]
INFO: [Synth 8-6155] done synthesizing module 'adder_branch' (0#1) [/home/sidharth/Vivado_Projects/CA-590/CA-590.srcs/sources_1/imports/src/adder_branch.v:3]
INFO: [Synth 8-6157] synthesizing module 'data_memory' [/home/sidharth/Vivado_Projects/CA-590/CA-590.srcs/sources_1/imports/src/data_memory.v:23]
INFO: [Synth 8-6155] done synthesizing module 'data_memory' (0#1) [/home/sidharth/Vivado_Projects/CA-590/CA-590.srcs/sources_1/imports/src/data_memory.v:23]
INFO: [Synth 8-6155] done synthesizing module 'processor' (0#1) [/home/sidharth/Vivado_Projects/CA-590/CA-590.srcs/sources_1/imports/src/processor.v:23]
WARNING: [Synth 8-4767] Trying to implement RAM 'data_mem_reg' in registers. Block RAM or DRAM implementation is not possible; see log for reasons.
Reason is one or more of the following :
	1: RAM has multiple writes via different ports in same process. If RAM inferencing intended, write to one port per process. 
	2: Unable to determine number of words or word size in RAM. 
	3: No valid read/write found for RAM. 
RAM "data_mem_reg" dissolved into registers
---------------------------------------------------------------------------------
Finished RTL Elaboration : Time (s): cpu = 00:00:03 ; elapsed = 00:00:03 . Memory (MB): peak = 2253.594 ; gain = 511.590 ; free physical = 9968 ; free virtual = 29330
---------------------------------------------------------------------------------
---------------------------------------------------------------------------------
Start Handling Custom Attributes
---------------------------------------------------------------------------------
---------------------------------------------------------------------------------
Finished Handling Custom Attributes : Time (s): cpu = 00:00:03 ; elapsed = 00:00:03 . Memory (MB): peak = 2271.406 ; gain = 529.402 ; free physical = 9968 ; free virtual = 29330
---------------------------------------------------------------------------------
---------------------------------------------------------------------------------
Finished RTL Optimization Phase 1 : Time (s): cpu = 00:00:03 ; elapsed = 00:00:03 . Memory (MB): peak = 2271.406 ; gain = 529.402 ; free physical = 9968 ; free virtual = 29330
---------------------------------------------------------------------------------
Netlist sorting complete. Time (s): cpu = 00:00:00.01 ; elapsed = 00:00:00 . Memory (MB): peak = 2271.406 ; gain = 0.000 ; free physical = 9968 ; free virtual = 29330
INFO: [Project 1-570] Preparing netlist for logic optimization

Processing XDC Constraints
Initializing timing engine
Parsing XDC File [/home/sidharth/Vivado_Projects/CA-590/CA-590.srcs/constrs_1/new/processor.xdc]
Finished Parsing XDC File [/home/sidharth/Vivado_Projects/CA-590/CA-590.srcs/constrs_1/new/processor.xdc]
INFO: [Project 1-236] Implementation specific constraints were found while reading constraint file [/home/sidharth/Vivado_Projects/CA-590/CA-590.srcs/constrs_1/new/processor.xdc]. These constraints will be ignored for synthesis but will be used in implementation. Impacted constraints are listed in the file [.Xil/processor_propImpl.xdc].
Resolution: To avoid this warning, move constraints listed in [.Xil/processor_propImpl.xdc] to another XDC file and exclude this new file from synthesis with the used_in_synthesis property (File Properties dialog in GUI) and re-run elaboration/synthesis.
Completed Processing XDC Constraints

Netlist sorting complete. Time (s): cpu = 00:00:00 ; elapsed = 00:00:00 . Memory (MB): peak = 2403.156 ; gain = 0.000 ; free physical = 9968 ; free virtual = 29330
INFO: [Project 1-111] Unisim Transformation Summary:
No Unisim elements were transformed.

Constraint Validation Runtime : Time (s): cpu = 00:00:00 ; elapsed = 00:00:00 . Memory (MB): peak = 2403.156 ; gain = 0.000 ; free physical = 9968 ; free virtual = 29330
INFO: [Designutils 20-5440] No compile time benefit to using incremental synthesis; A full resynthesis will be run
INFO: [Designutils 20-4379] Flow is switching to default flow due to incremental criteria not met. If you would like to alter this behaviour and have the flow terminate instead, please set the following parameter config_implementation {autoIncr.Synth.RejectBehavior Terminate}
---------------------------------------------------------------------------------
Finished Constraint Validation : Time (s): cpu = 00:00:07 ; elapsed = 00:00:07 . Memory (MB): peak = 2403.156 ; gain = 661.152 ; free physical = 9964 ; free virtual = 29327
---------------------------------------------------------------------------------
---------------------------------------------------------------------------------
Start Loading Part and Timing Information
---------------------------------------------------------------------------------
Loading part: xc7a35tcpg236-1
---------------------------------------------------------------------------------
Finished Loading Part and Timing Information : Time (s): cpu = 00:00:07 ; elapsed = 00:00:07 . Memory (MB): peak = 2411.160 ; gain = 669.156 ; free physical = 9964 ; free virtual = 29327
---------------------------------------------------------------------------------
---------------------------------------------------------------------------------
Start Applying 'set_property' XDC Constraints
---------------------------------------------------------------------------------
---------------------------------------------------------------------------------
Finished applying 'set_property' XDC Constraints : Time (s): cpu = 00:00:07 ; elapsed = 00:00:07 . Memory (MB): peak = 2411.160 ; gain = 669.156 ; free physical = 9964 ; free virtual = 29327
---------------------------------------------------------------------------------
---------------------------------------------------------------------------------
Finished RTL Optimization Phase 2 : Time (s): cpu = 00:00:07 ; elapsed = 00:00:08 . Memory (MB): peak = 2411.160 ; gain = 669.156 ; free physical = 9966 ; free virtual = 29329
---------------------------------------------------------------------------------
---------------------------------------------------------------------------------
Start RTL Component Statistics 
---------------------------------------------------------------------------------
Detailed RTL Component Info : 
+---Adders : 
	   2 Input   16 Bit       Adders := 4     
	   3 Input   16 Bit       Adders := 1     
	   2 Input    5 Bit       Adders := 1     
+---Registers : 
	               16 Bit    Registers := 1     
	                8 Bit    Registers := 128   
+---Muxes : 
	   2 Input   16 Bit        Muxes := 6     
	   4 Input   16 Bit        Muxes := 1     
	   2 Input    1 Bit        Muxes := 197   
	   8 Input    1 Bit        Muxes := 7     
	   3 Input    1 Bit        Muxes := 62    
---------------------------------------------------------------------------------
Finished RTL Component Statistics 
---------------------------------------------------------------------------------
---------------------------------------------------------------------------------
Start Part Resource Summary
---------------------------------------------------------------------------------
Part Resources:
DSPs: 90 (col length:60)
BRAMs: 100 (col length: RAMB18 60 RAMB36 30)
---------------------------------------------------------------------------------
Finished Part Resource Summary
---------------------------------------------------------------------------------
---------------------------------------------------------------------------------
Start Cross Boundary and Area Optimization
---------------------------------------------------------------------------------
WARNING: [Synth 8-7080] Parallel synthesis criteria is not met
WARNING: [Synth 8-7129] Port memAddr[15] in module data_memory is either unconnected or has no load
WARNING: [Synth 8-7129] Port memAddr[14] in module data_memory is either unconnected or has no load
WARNING: [Synth 8-7129] Port memAddr[13] in module data_memory is either unconnected or has no load
WARNING: [Synth 8-7129] Port memAddr[12] in module data_memory is either unconnected or has no load
WARNING: [Synth 8-7129] Port memAddr[11] in module data_memory is either unconnected or has no load
WARNING: [Synth 8-7129] Port memAddr[10] in module data_memory is either unconnected or has no load
WARNING: [Synth 8-7129] Port memAddr[9] in module data_memory is either unconnected or has no load
WARNING: [Synth 8-7129] Port memAddr[8] in module data_memory is either unconnected or has no load
WARNING: [Synth 8-7129] Port memAddr[7] in module data_memory is either unconnected or has no load
---------------------------------------------------------------------------------
Finished Cross Boundary and Area Optimization : Time (s): cpu = 00:00:11 ; elapsed = 00:00:11 . Memory (MB): peak = 2411.160 ; gain = 669.156 ; free physical = 9923 ; free virtual = 29293
---------------------------------------------------------------------------------
---------------------------------------------------------------------------------
Start ROM, RAM, DSP, Shift Register and Retiming Reporting
---------------------------------------------------------------------------------

ROM: Preliminary Mapping Report
+----------------+------------+---------------+----------------+
|Module Name     | RTL Object | Depth x Width | Implemented As | 
+----------------+------------+---------------+----------------+
|instruction_mem | instr_mem  | 32x8          | LUT            | 
|instruction_mem | instr_mem  | 32x8          | LUT            | 
|processor       | p_0_out    | 32x8          | LUT            | 
|processor       | p_0_out    | 32x8          | LUT            | 
+----------------+------------+---------------+----------------+


Distributed RAM: Preliminary Mapping Report (see note below)
+------------+------------------------+-----------+----------------------+----------------+
|Module Name | RTL Object             | Inference | Size (Depth x Width) | Primitives     | 
+------------+------------------------+-----------+----------------------+----------------+
|processor   | register/registers_reg | Implied   | 16 x 16              | RAM16X1D x 16  | 
+------------+------------------------+-----------+----------------------+----------------+

Note: The table above is a preliminary report that shows the Distributed RAMs at the current stage of the synthesis flow. Some Distributed RAMs may be reimplemented as non Distributed RAM primitives later in the synthesis flow. Multiple instantiated RAMs are reported only once.
---------------------------------------------------------------------------------
Finished ROM, RAM, DSP, Shift Register and Retiming Reporting
---------------------------------------------------------------------------------
---------------------------------------------------------------------------------
Start Applying XDC Timing Constraints
---------------------------------------------------------------------------------
---------------------------------------------------------------------------------
Finished Applying XDC Timing Constraints : Time (s): cpu = 00:00:14 ; elapsed = 00:00:14 . Memory (MB): peak = 2411.160 ; gain = 669.156 ; free physical = 9922 ; free virtual = 29292
---------------------------------------------------------------------------------
---------------------------------------------------------------------------------
Start Timing Optimization
---------------------------------------------------------------------------------
---------------------------------------------------------------------------------
Finished Timing Optimization : Time (s): cpu = 00:00:14 ; elapsed = 00:00:14 . Memory (MB): peak = 2411.160 ; gain = 669.156 ; free physical = 9922 ; free virtual = 29292
---------------------------------------------------------------------------------
---------------------------------------------------------------------------------
Start ROM, RAM, DSP, Shift Register and Retiming Reporting
---------------------------------------------------------------------------------

Distributed RAM: Final Mapping Report
+------------+------------------------+-----------+----------------------+----------------+
|Module Name | RTL Object             | Inference | Size (Depth x Width) | Primitives     | 
+------------+------------------------+-----------+----------------------+----------------+
|processor   | register/registers_reg | Implied   | 16 x 16              | RAM16X1D x 16  | 
+------------+------------------------+-----------+----------------------+----------------+

---------------------------------------------------------------------------------
Finished ROM, RAM, DSP, Shift Register and Retiming Reporting
---------------------------------------------------------------------------------
---------------------------------------------------------------------------------
Start Technology Mapping
---------------------------------------------------------------------------------
---------------------------------------------------------------------------------
Finished Technology Mapping : Time (s): cpu = 00:00:14 ; elapsed = 00:00:15 . Memory (MB): peak = 2411.160 ; gain = 669.156 ; free physical = 9921 ; free virtual = 29292
---------------------------------------------------------------------------------
---------------------------------------------------------------------------------
Start IO Insertion
---------------------------------------------------------------------------------
---------------------------------------------------------------------------------
Start Flattening Before IO Insertion
---------------------------------------------------------------------------------
---------------------------------------------------------------------------------
Finished Flattening Before IO Insertion
---------------------------------------------------------------------------------
---------------------------------------------------------------------------------
Start Final Netlist Cleanup
---------------------------------------------------------------------------------
---------------------------------------------------------------------------------
Finished Final Netlist Cleanup
---------------------------------------------------------------------------------
---------------------------------------------------------------------------------
Finished IO Insertion : Time (s): cpu = 00:00:17 ; elapsed = 00:00:17 . Memory (MB): peak = 2411.160 ; gain = 669.156 ; free physical = 9922 ; free virtual = 29292
---------------------------------------------------------------------------------
---------------------------------------------------------------------------------
Start Renaming Generated Instances
---------------------------------------------------------------------------------
---------------------------------------------------------------------------------
Finished Renaming Generated Instances : Time (s): cpu = 00:00:17 ; elapsed = 00:00:17 . Memory (MB): peak = 2411.160 ; gain = 669.156 ; free physical = 9922 ; free virtual = 29292
---------------------------------------------------------------------------------
---------------------------------------------------------------------------------
Start Rebuilding User Hierarchy
---------------------------------------------------------------------------------
---------------------------------------------------------------------------------
Finished Rebuilding User Hierarchy : Time (s): cpu = 00:00:17 ; elapsed = 00:00:17 . Memory (MB): peak = 2411.160 ; gain = 669.156 ; free physical = 9922 ; free virtual = 29292
---------------------------------------------------------------------------------
---------------------------------------------------------------------------------
Start Renaming Generated Ports
---------------------------------------------------------------------------------
---------------------------------------------------------------------------------
Finished Renaming Generated Ports : Time (s): cpu = 00:00:17 ; elapsed = 00:00:17 . Memory (MB): peak = 2411.160 ; gain = 669.156 ; free physical = 9922 ; free virtual = 29292
---------------------------------------------------------------------------------
---------------------------------------------------------------------------------
Start Handling Custom Attributes
---------------------------------------------------------------------------------
---------------------------------------------------------------------------------
Finished Handling Custom Attributes : Time (s): cpu = 00:00:17 ; elapsed = 00:00:17 . Memory (MB): peak = 2411.160 ; gain = 669.156 ; free physical = 9922 ; free virtual = 29292
---------------------------------------------------------------------------------
---------------------------------------------------------------------------------
Start Renaming Generated Nets
---------------------------------------------------------------------------------
---------------------------------------------------------------------------------
Finished Renaming Generated Nets : Time (s): cpu = 00:00:17 ; elapsed = 00:00:17 . Memory (MB): peak = 2411.160 ; gain = 669.156 ; free physical = 9922 ; free virtual = 29292
---------------------------------------------------------------------------------
---------------------------------------------------------------------------------
Start Writing Synthesis Report
---------------------------------------------------------------------------------

Report BlackBoxes: 
+-+--------------+----------+
| |BlackBox name |Instances |
+-+--------------+----------+
+-+--------------+----------+

Report Cell Usage: 
+------+---------+------+
|      |Cell     |Count |
+------+---------+------+
|1     |BUFG     |     1|
|2     |CARRY4   |    14|
|3     |LUT1     |     1|
|4     |LUT2     |    24|
|5     |LUT3     |   196|
|6     |LUT4     |    97|
|7     |LUT5     |   689|
|8     |LUT6     |   968|
|9     |MUXF7    |   148|
|10    |MUXF8    |    56|
|11    |RAM16X1D |    16|
|12    |FDCE     |     4|
|13    |FDRE     |  1024|
|14    |IBUF     |     2|
|15    |OBUF     |    16|
+------+---------+------+
---------------------------------------------------------------------------------
Finished Writing Synthesis Report : Time (s): cpu = 00:00:17 ; elapsed = 00:00:17 . Memory (MB): peak = 2411.160 ; gain = 669.156 ; free physical = 9922 ; free virtual = 29292
---------------------------------------------------------------------------------
Synthesis finished with 0 errors, 0 critical warnings and 10 warnings.
Synthesis Optimization Runtime : Time (s): cpu = 00:00:16 ; elapsed = 00:00:16 . Memory (MB): peak = 2411.160 ; gain = 537.406 ; free physical = 9922 ; free virtual = 29292
Synthesis Optimization Complete : Time (s): cpu = 00:00:17 ; elapsed = 00:00:17 . Memory (MB): peak = 2411.168 ; gain = 669.156 ; free physical = 9922 ; free virtual = 29292
INFO: [Project 1-571] Translating synthesized netlist
Netlist sorting complete. Time (s): cpu = 00:00:00.01 ; elapsed = 00:00:00.01 . Memory (MB): peak = 2411.168 ; gain = 0.000 ; free physical = 10205 ; free virtual = 29575
INFO: [Netlist 29-17] Analyzing 234 Unisim elements for replacement
INFO: [Netlist 29-28] Unisim Transformation completed in 0 CPU seconds
INFO: [Project 1-570] Preparing netlist for logic optimization
INFO: [Opt 31-138] Pushed 0 inverter(s) to 0 load pin(s).
Netlist sorting complete. Time (s): cpu = 00:00:00 ; elapsed = 00:00:00 . Memory (MB): peak = 2467.188 ; gain = 0.000 ; free physical = 10205 ; free virtual = 29575
INFO: [Project 1-111] Unisim Transformation Summary:
  A total of 16 instances were transformed.
  RAM16X1D => RAM32X1D (RAMD32(x2)): 16 instances

Synth Design complete | Checksum: 791060eb
INFO: [Common 17-83] Releasing license: Synthesis
48 Infos, 11 Warnings, 0 Critical Warnings and 0 Errors encountered.
synth_design completed successfully
synth_design: Time (s): cpu = 00:00:21 ; elapsed = 00:00:20 . Memory (MB): peak = 2467.188 ; gain = 1052.223 ; free physical = 10205 ; free virtual = 29575
INFO: [Common 17-2834] synth_design peak Physical Memory [PSS] (MB): overall = 1938.489; main = 1616.396; forked = 393.669
INFO: [Common 17-2834] synth_design peak Virtual Memory [VSS] (MB): overall = 3447.684; main = 2467.191; forked = 1036.520
Write ShapeDB Complete: Time (s): cpu = 00:00:00.01 ; elapsed = 00:00:00 . Memory (MB): peak = 2491.199 ; gain = 0.000 ; free physical = 10205 ; free virtual = 29575
INFO: [Common 17-1381] The checkpoint '/home/sidharth/Vivado_Projects/CA-590/CA-590.runs/synth_1/processor.dcp' has been generated.
INFO: [Vivado 12-24828] Executing command : report_utilization -file processor_utilization_synth.rpt -pb processor_utilization_synth.pb
INFO: [Common 17-206] Exiting Vivado at Fri Apr  4 10:10:30 2025...
