srcscan starts
/home/sidharth/Vivado_Projects/riscv_mac/riscv_mac.srcs/sources_1/imports/rtl/core/clint.v(17): INFO: Compiling verilog file "/home/sidharth/Vivado_Projects/riscv_mac/riscv_mac.srcs/sources_1/imports/rtl/core/defines.v" included at line 17. (VERI-9003)
/home/sidharth/Vivado_Projects/riscv_mac/riscv_mac.srcs/sources_1/imports/rtl/core/clint.v(17): INFO: back to file '/home/sidharth/Vivado_Projects/riscv_mac/riscv_mac.srcs/sources_1/imports/rtl/core/clint.v' (VERI-2320)
INFO: analyzing module clint (VERI-9002)
/home/sidharth/Vivado_Projects/riscv_mac/riscv_mac.srcs/sources_1/imports/rtl/core/csr_reg.v(17): INFO: Compiling verilog file "/home/sidharth/Vivado_Projects/riscv_mac/riscv_mac.srcs/sources_1/imports/rtl/core/defines.v" included at line 17. (VERI-9003)
/home/sidharth/Vivado_Projects/riscv_mac/riscv_mac.srcs/sources_1/imports/rtl/core/csr_reg.v(17): INFO: back to file '/home/sidharth/Vivado_Projects/riscv_mac/riscv_mac.srcs/sources_1/imports/rtl/core/csr_reg.v' (VERI-2320)
INFO: analyzing module csr_reg (VERI-9002)
/home/sidharth/Vivado_Projects/riscv_mac/riscv_mac.srcs/sources_1/imports/rtl/core/ctrl.v(17): INFO: Compiling verilog file "/home/sidharth/Vivado_Projects/riscv_mac/riscv_mac.srcs/sources_1/imports/rtl/core/defines.v" included at line 17. (VERI-9003)
/home/sidharth/Vivado_Projects/riscv_mac/riscv_mac.srcs/sources_1/imports/rtl/core/ctrl.v(17): INFO: back to file '/home/sidharth/Vivado_Projects/riscv_mac/riscv_mac.srcs/sources_1/imports/rtl/core/ctrl.v' (VERI-2320)
INFO: analyzing module ctrl (VERI-9002)
/home/sidharth/Vivado_Projects/riscv_mac/riscv_mac.srcs/sources_1/imports/rtl/core/div.v(17): INFO: Compiling verilog file "/home/sidharth/Vivado_Projects/riscv_mac/riscv_mac.srcs/sources_1/imports/rtl/core/defines.v" included at line 17. (VERI-9003)
/home/sidharth/Vivado_Projects/riscv_mac/riscv_mac.srcs/sources_1/imports/rtl/core/div.v(17): INFO: back to file '/home/sidharth/Vivado_Projects/riscv_mac/riscv_mac.srcs/sources_1/imports/rtl/core/div.v' (VERI-2320)
INFO: analyzing module div (VERI-9002)
/home/sidharth/Vivado_Projects/riscv_mac/riscv_mac.srcs/sources_1/imports/rtl/core/ex.v(17): INFO: Compiling verilog file "/home/sidharth/Vivado_Projects/riscv_mac/riscv_mac.srcs/sources_1/imports/rtl/core/defines.v" included at line 17. (VERI-9003)
/home/sidharth/Vivado_Projects/riscv_mac/riscv_mac.srcs/sources_1/imports/rtl/core/ex.v(17): INFO: back to file '/home/sidharth/Vivado_Projects/riscv_mac/riscv_mac.srcs/sources_1/imports/rtl/core/ex.v' (VERI-2320)
INFO: analyzing module ex (VERI-9002)
INFO: analyzing module full_handshake_rx (VERI-9002)
/home/sidharth/Vivado_Projects/riscv_mac/riscv_mac.srcs/sources_1/imports/rtl/utils/full_handshake_rx.v(60): WARNING: identifier 'req' is used before its declaration (VERI-1875)
/home/sidharth/Vivado_Projects/riscv_mac/riscv_mac.srcs/sources_1/imports/rtl/utils/full_handshake_rx.v(68): WARNING: identifier 'req' is used before its declaration (VERI-1875)
INFO: analyzing module full_handshake_tx (VERI-9002)
/home/sidharth/Vivado_Projects/riscv_mac/riscv_mac.srcs/sources_1/imports/rtl/utils/full_handshake_tx.v(71): WARNING: identifier 'ack' is used before its declaration (VERI-1875)
/home/sidharth/Vivado_Projects/riscv_mac/riscv_mac.srcs/sources_1/imports/rtl/utils/full_handshake_tx.v(79): WARNING: identifier 'ack' is used before its declaration (VERI-1875)
INFO: analyzing module gen_ticks_sync (VERI-9002)
INFO: analyzing module gen_pipe_dff (VERI-9002)
INFO: analyzing module gen_rst_0_dff (VERI-9002)
INFO: analyzing module gen_rst_1_dff (VERI-9002)
INFO: analyzing module gen_rst_def_dff (VERI-9002)
INFO: analyzing module gen_en_dff (VERI-9002)
INFO: analyzing module gpio (VERI-9002)
/home/sidharth/Vivado_Projects/riscv_mac/riscv_mac.srcs/sources_1/imports/rtl/core/id.v(17): INFO: Compiling verilog file "/home/sidharth/Vivado_Projects/riscv_mac/riscv_mac.srcs/sources_1/imports/rtl/core/defines.v" included at line 17. (VERI-9003)
/home/sidharth/Vivado_Projects/riscv_mac/riscv_mac.srcs/sources_1/imports/rtl/core/id.v(17): INFO: back to file '/home/sidharth/Vivado_Projects/riscv_mac/riscv_mac.srcs/sources_1/imports/rtl/core/id.v' (VERI-2320)
INFO: analyzing module id (VERI-9002)
/home/sidharth/Vivado_Projects/riscv_mac/riscv_mac.srcs/sources_1/imports/rtl/core/id_ex.v(17): INFO: Compiling verilog file "/home/sidharth/Vivado_Projects/riscv_mac/riscv_mac.srcs/sources_1/imports/rtl/core/defines.v" included at line 17. (VERI-9003)
/home/sidharth/Vivado_Projects/riscv_mac/riscv_mac.srcs/sources_1/imports/rtl/core/id_ex.v(17): INFO: back to file '/home/sidharth/Vivado_Projects/riscv_mac/riscv_mac.srcs/sources_1/imports/rtl/core/id_ex.v' (VERI-2320)
INFO: analyzing module id_ex (VERI-9002)
/home/sidharth/Vivado_Projects/riscv_mac/riscv_mac.srcs/sources_1/imports/rtl/core/if_id.v(17): INFO: Compiling verilog file "/home/sidharth/Vivado_Projects/riscv_mac/riscv_mac.srcs/sources_1/imports/rtl/core/defines.v" included at line 17. (VERI-9003)
/home/sidharth/Vivado_Projects/riscv_mac/riscv_mac.srcs/sources_1/imports/rtl/core/if_id.v(17): INFO: back to file '/home/sidharth/Vivado_Projects/riscv_mac/riscv_mac.srcs/sources_1/imports/rtl/core/if_id.v' (VERI-2320)
INFO: analyzing module if_id (VERI-9002)
INFO: analyzing module jtag_dm (VERI-9002)
/home/sidharth/Vivado_Projects/riscv_mac/riscv_mac.srcs/sources_1/imports/rtl/debug/jtag_dm.v(325): INFO: undeclared symbol 'tx_idle', assumed default net type 'wire' (VERI-2561)
/home/sidharth/Vivado_Projects/riscv_mac/riscv_mac.srcs/sources_1/imports/rtl/debug/jtag_dm.v(60): WARNING: parameter 'DM_RESP_BITS' becomes localparam in 'jtag_dm' with formal parameter declaration list (VERI-1199)
/home/sidharth/Vivado_Projects/riscv_mac/riscv_mac.srcs/sources_1/imports/rtl/debug/jtag_dm.v(61): WARNING: parameter 'DTM_REQ_BITS' becomes localparam in 'jtag_dm' with formal parameter declaration list (VERI-1199)
/home/sidharth/Vivado_Projects/riscv_mac/riscv_mac.srcs/sources_1/imports/rtl/debug/jtag_dm.v(62): WARNING: parameter 'SHIFT_REG_BITS' becomes localparam in 'jtag_dm' with formal parameter declaration list (VERI-1199)
INFO: analyzing module jtag_driver (VERI-9002)
/home/sidharth/Vivado_Projects/riscv_mac/riscv_mac.srcs/sources_1/imports/rtl/debug/jtag_driver.v(47): WARNING: parameter 'IDCODE_VERSION' becomes localparam in 'jtag_driver' with formal parameter declaration list (VERI-1199)
/home/sidharth/Vivado_Projects/riscv_mac/riscv_mac.srcs/sources_1/imports/rtl/debug/jtag_driver.v(48): WARNING: parameter 'IDCODE_PART_NUMBER' becomes localparam in 'jtag_driver' with formal parameter declaration list (VERI-1199)
/home/sidharth/Vivado_Projects/riscv_mac/riscv_mac.srcs/sources_1/imports/rtl/debug/jtag_driver.v(49): WARNING: parameter 'IDCODE_MANUFLD' becomes localparam in 'jtag_driver' with formal parameter declaration list (VERI-1199)
/home/sidharth/Vivado_Projects/riscv_mac/riscv_mac.srcs/sources_1/imports/rtl/debug/jtag_driver.v(51): WARNING: parameter 'DTM_VERSION' becomes localparam in 'jtag_driver' with formal parameter declaration list (VERI-1199)
/home/sidharth/Vivado_Projects/riscv_mac/riscv_mac.srcs/sources_1/imports/rtl/debug/jtag_driver.v(52): WARNING: parameter 'IR_BITS' becomes localparam in 'jtag_driver' with formal parameter declaration list (VERI-1199)
/home/sidharth/Vivado_Projects/riscv_mac/riscv_mac.srcs/sources_1/imports/rtl/debug/jtag_driver.v(54): WARNING: parameter 'DM_RESP_BITS' becomes localparam in 'jtag_driver' with formal parameter declaration list (VERI-1199)
/home/sidharth/Vivado_Projects/riscv_mac/riscv_mac.srcs/sources_1/imports/rtl/debug/jtag_driver.v(55): WARNING: parameter 'DTM_REQ_BITS' becomes localparam in 'jtag_driver' with formal parameter declaration list (VERI-1199)
/home/sidharth/Vivado_Projects/riscv_mac/riscv_mac.srcs/sources_1/imports/rtl/debug/jtag_driver.v(56): WARNING: parameter 'SHIFT_REG_BITS' becomes localparam in 'jtag_driver' with formal parameter declaration list (VERI-1199)
/home/sidharth/Vivado_Projects/riscv_mac/riscv_mac.srcs/sources_1/imports/rtl/debug/jtag_driver.v(72): WARNING: parameter 'TEST_LOGIC_RESET' becomes localparam in 'jtag_driver' with formal parameter declaration list (VERI-1199)
/home/sidharth/Vivado_Projects/riscv_mac/riscv_mac.srcs/sources_1/imports/rtl/debug/jtag_driver.v(73): WARNING: parameter 'RUN_TEST_IDLE' becomes localparam in 'jtag_driver' with formal parameter declaration list (VERI-1199)
/home/sidharth/Vivado_Projects/riscv_mac/riscv_mac.srcs/sources_1/imports/rtl/debug/jtag_driver.v(74): WARNING: parameter 'SELECT_DR' becomes localparam in 'jtag_driver' with formal parameter declaration list (VERI-1199)
/home/sidharth/Vivado_Projects/riscv_mac/riscv_mac.srcs/sources_1/imports/rtl/debug/jtag_driver.v(75): WARNING: parameter 'CAPTURE_DR' becomes localparam in 'jtag_driver' with formal parameter declaration list (VERI-1199)
/home/sidharth/Vivado_Projects/riscv_mac/riscv_mac.srcs/sources_1/imports/rtl/debug/jtag_driver.v(76): WARNING: parameter 'SHIFT_DR' becomes localparam in 'jtag_driver' with formal parameter declaration list (VERI-1199)
/home/sidharth/Vivado_Projects/riscv_mac/riscv_mac.srcs/sources_1/imports/rtl/debug/jtag_driver.v(77): WARNING: parameter 'EXIT1_DR' becomes localparam in 'jtag_driver' with formal parameter declaration list (VERI-1199)
/home/sidharth/Vivado_Projects/riscv_mac/riscv_mac.srcs/sources_1/imports/rtl/debug/jtag_driver.v(78): WARNING: parameter 'PAUSE_DR' becomes localparam in 'jtag_driver' with formal parameter declaration list (VERI-1199)
/home/sidharth/Vivado_Projects/riscv_mac/riscv_mac.srcs/sources_1/imports/rtl/debug/jtag_driver.v(79): WARNING: parameter 'EXIT2_DR' becomes localparam in 'jtag_driver' with formal parameter declaration list (VERI-1199)
/home/sidharth/Vivado_Projects/riscv_mac/riscv_mac.srcs/sources_1/imports/rtl/debug/jtag_driver.v(80): WARNING: parameter 'UPDATE_DR' becomes localparam in 'jtag_driver' with formal parameter declaration list (VERI-1199)
/home/sidharth/Vivado_Projects/riscv_mac/riscv_mac.srcs/sources_1/imports/rtl/debug/jtag_driver.v(81): WARNING: parameter 'SELECT_IR' becomes localparam in 'jtag_driver' with formal parameter declaration list (VERI-1199)
/home/sidharth/Vivado_Projects/riscv_mac/riscv_mac.srcs/sources_1/imports/rtl/debug/jtag_driver.v(82): WARNING: parameter 'CAPTURE_IR' becomes localparam in 'jtag_driver' with formal parameter declaration list (VERI-1199)
/home/sidharth/Vivado_Projects/riscv_mac/riscv_mac.srcs/sources_1/imports/rtl/debug/jtag_driver.v(83): WARNING: parameter 'SHIFT_IR' becomes localparam in 'jtag_driver' with formal parameter declaration list (VERI-1199)
/home/sidharth/Vivado_Projects/riscv_mac/riscv_mac.srcs/sources_1/imports/rtl/debug/jtag_driver.v(84): WARNING: parameter 'EXIT1_IR' becomes localparam in 'jtag_driver' with formal parameter declaration list (VERI-1199)
/home/sidharth/Vivado_Projects/riscv_mac/riscv_mac.srcs/sources_1/imports/rtl/debug/jtag_driver.v(85): WARNING: parameter 'PAUSE_IR' becomes localparam in 'jtag_driver' with formal parameter declaration list (VERI-1199)
/home/sidharth/Vivado_Projects/riscv_mac/riscv_mac.srcs/sources_1/imports/rtl/debug/jtag_driver.v(86): WARNING: parameter 'EXIT2_IR' becomes localparam in 'jtag_driver' with formal parameter declaration list (VERI-1199)
/home/sidharth/Vivado_Projects/riscv_mac/riscv_mac.srcs/sources_1/imports/rtl/debug/jtag_driver.v(87): WARNING: parameter 'UPDATE_IR' becomes localparam in 'jtag_driver' with formal parameter declaration list (VERI-1199)
/home/sidharth/Vivado_Projects/riscv_mac/riscv_mac.srcs/sources_1/imports/rtl/debug/jtag_driver.v(90): WARNING: parameter 'REG_BYPASS' becomes localparam in 'jtag_driver' with formal parameter declaration list (VERI-1199)
/home/sidharth/Vivado_Projects/riscv_mac/riscv_mac.srcs/sources_1/imports/rtl/debug/jtag_driver.v(91): WARNING: parameter 'REG_IDCODE' becomes localparam in 'jtag_driver' with formal parameter declaration list (VERI-1199)
/home/sidharth/Vivado_Projects/riscv_mac/riscv_mac.srcs/sources_1/imports/rtl/debug/jtag_driver.v(92): WARNING: parameter 'REG_DMI' becomes localparam in 'jtag_driver' with formal parameter declaration list (VERI-1199)
/home/sidharth/Vivado_Projects/riscv_mac/riscv_mac.srcs/sources_1/imports/rtl/debug/jtag_driver.v(93): WARNING: parameter 'REG_DTMCS' becomes localparam in 'jtag_driver' with formal parameter declaration list (VERI-1199)
/home/sidharth/Vivado_Projects/riscv_mac/riscv_mac.srcs/sources_1/imports/rtl/debug/jtag_top.v(17): INFO: Compiling verilog file "/home/sidharth/Vivado_Projects/riscv_mac/riscv_mac.srcs/sources_1/imports/rtl/debug/../core/defines.v" included at line 17. (VERI-9003)
/home/sidharth/Vivado_Projects/riscv_mac/riscv_mac.srcs/sources_1/imports/rtl/debug/jtag_top.v(17): INFO: back to file '/home/sidharth/Vivado_Projects/riscv_mac/riscv_mac.srcs/sources_1/imports/rtl/debug/jtag_top.v' (VERI-2320)
INFO: analyzing module jtag_top (VERI-9002)
/home/sidharth/Vivado_Projects/riscv_mac/riscv_mac.srcs/sources_1/imports/rtl/debug/jtag_top.v(48): WARNING: parameter 'DM_RESP_BITS' becomes localparam in 'jtag_top' with formal parameter declaration list (VERI-1199)
/home/sidharth/Vivado_Projects/riscv_mac/riscv_mac.srcs/sources_1/imports/rtl/debug/jtag_top.v(49): WARNING: parameter 'DTM_REQ_BITS' becomes localparam in 'jtag_top' with formal parameter declaration list (VERI-1199)
INFO: analyzing module mac_128 (VERI-9002)
/home/sidharth/Vivado_Projects/riscv_mac/riscv_mac.srcs/sources_1/imports/rtl/core/pc_reg.v(17): INFO: Compiling verilog file "/home/sidharth/Vivado_Projects/riscv_mac/riscv_mac.srcs/sources_1/imports/rtl/core/defines.v" included at line 17. (VERI-9003)
/home/sidharth/Vivado_Projects/riscv_mac/riscv_mac.srcs/sources_1/imports/rtl/core/pc_reg.v(17): INFO: back to file '/home/sidharth/Vivado_Projects/riscv_mac/riscv_mac.srcs/sources_1/imports/rtl/core/pc_reg.v' (VERI-2320)
INFO: analyzing module pc_reg (VERI-9002)
/home/sidharth/Vivado_Projects/riscv_mac/riscv_mac.srcs/sources_1/imports/rtl/perips/ram.v(17): INFO: Compiling verilog file "/home/sidharth/Vivado_Projects/riscv_mac/riscv_mac.srcs/sources_1/imports/rtl/perips/../core/defines.v" included at line 17. (VERI-9003)
/home/sidharth/Vivado_Projects/riscv_mac/riscv_mac.srcs/sources_1/imports/rtl/perips/ram.v(17): INFO: back to file '/home/sidharth/Vivado_Projects/riscv_mac/riscv_mac.srcs/sources_1/imports/rtl/perips/ram.v' (VERI-2320)
INFO: analyzing module ram (VERI-9002)
/home/sidharth/Vivado_Projects/riscv_mac/riscv_mac.srcs/sources_1/imports/rtl/core/regs.v(17): INFO: Compiling verilog file "/home/sidharth/Vivado_Projects/riscv_mac/riscv_mac.srcs/sources_1/imports/rtl/core/defines.v" included at line 17. (VERI-9003)
/home/sidharth/Vivado_Projects/riscv_mac/riscv_mac.srcs/sources_1/imports/rtl/core/regs.v(17): INFO: back to file '/home/sidharth/Vivado_Projects/riscv_mac/riscv_mac.srcs/sources_1/imports/rtl/core/regs.v' (VERI-2320)
INFO: analyzing module regs (VERI-9002)
/home/sidharth/Vivado_Projects/riscv_mac/riscv_mac.srcs/sources_1/imports/rtl/core/rib.v(17): INFO: Compiling verilog file "/home/sidharth/Vivado_Projects/riscv_mac/riscv_mac.srcs/sources_1/imports/rtl/core/defines.v" included at line 17. (VERI-9003)
/home/sidharth/Vivado_Projects/riscv_mac/riscv_mac.srcs/sources_1/imports/rtl/core/rib.v(17): INFO: back to file '/home/sidharth/Vivado_Projects/riscv_mac/riscv_mac.srcs/sources_1/imports/rtl/core/rib.v' (VERI-2320)
INFO: analyzing module rib (VERI-9002)
/home/sidharth/Vivado_Projects/riscv_mac/riscv_mac.srcs/sources_1/imports/rtl/perips/rom.v(17): INFO: Compiling verilog file "/home/sidharth/Vivado_Projects/riscv_mac/riscv_mac.srcs/sources_1/imports/rtl/perips/../core/defines.v" included at line 17. (VERI-9003)
/home/sidharth/Vivado_Projects/riscv_mac/riscv_mac.srcs/sources_1/imports/rtl/perips/rom.v(17): INFO: back to file '/home/sidharth/Vivado_Projects/riscv_mac/riscv_mac.srcs/sources_1/imports/rtl/perips/rom.v' (VERI-2320)
INFO: analyzing module rom (VERI-9002)
INFO: analyzing module spi (VERI-9002)
/home/sidharth/Vivado_Projects/riscv_mac/riscv_mac.srcs/sources_1/imports/rtl/perips/timer.v(17): INFO: Compiling verilog file "/home/sidharth/Vivado_Projects/riscv_mac/riscv_mac.srcs/sources_1/imports/rtl/perips/../core/defines.v" included at line 17. (VERI-9003)
/home/sidharth/Vivado_Projects/riscv_mac/riscv_mac.srcs/sources_1/imports/rtl/perips/timer.v(17): INFO: back to file '/home/sidharth/Vivado_Projects/riscv_mac/riscv_mac.srcs/sources_1/imports/rtl/perips/timer.v' (VERI-2320)
INFO: analyzing module timer (VERI-9002)
/home/sidharth/Vivado_Projects/riscv_mac/riscv_mac.srcs/sources_1/imports/rtl/core/tinyriscv.v(17): INFO: Compiling verilog file "/home/sidharth/Vivado_Projects/riscv_mac/riscv_mac.srcs/sources_1/imports/rtl/core/defines.v" included at line 17. (VERI-9003)
/home/sidharth/Vivado_Projects/riscv_mac/riscv_mac.srcs/sources_1/imports/rtl/core/tinyriscv.v(17): INFO: back to file '/home/sidharth/Vivado_Projects/riscv_mac/riscv_mac.srcs/sources_1/imports/rtl/core/tinyriscv.v' (VERI-2320)
INFO: analyzing module tinyriscv (VERI-9002)
/home/sidharth/Vivado_Projects/riscv_mac/riscv_mac.srcs/sources_1/imports/rtl/soc/tinyriscv_soc_top.v(17): INFO: Compiling verilog file "/home/sidharth/Vivado_Projects/riscv_mac/riscv_mac.srcs/sources_1/imports/rtl/soc/../core/defines.v" included at line 17. (VERI-9003)
/home/sidharth/Vivado_Projects/riscv_mac/riscv_mac.srcs/sources_1/imports/rtl/soc/tinyriscv_soc_top.v(17): INFO: back to file '/home/sidharth/Vivado_Projects/riscv_mac/riscv_mac.srcs/sources_1/imports/rtl/soc/tinyriscv_soc_top.v' (VERI-2320)
INFO: analyzing module tinyriscv_soc_top (VERI-9002)
INFO: analyzing module uart (VERI-9002)
INFO: analyzing module uart_debug (VERI-9002)
Listing tops:
VeriTop library:xil_defaultlib mod:gen_ticks_sync
VeriTop library:xil_defaultlib mod:gen_rst_1_dff
VeriTop library:xil_defaultlib mod:gen_rst_def_dff
VeriTop library:xil_defaultlib mod:gen_en_dff
VeriTop library:xil_defaultlib mod:tinyriscv_soc_top
END of tops
/home/sidharth/Vivado_Projects/riscv_mac/riscv_mac.srcs/sources_1/imports/rtl/utils/gen_buf.v(18): INFO: compiling module 'gen_ticks_sync_default' (VERI-1018)
/home/sidharth/Vivado_Projects/riscv_mac/riscv_mac.srcs/sources_1/imports/rtl/utils/gen_dff.v(72): INFO: compiling module 'gen_rst_1_dff_default' (VERI-1018)
/home/sidharth/Vivado_Projects/riscv_mac/riscv_mac.srcs/sources_1/imports/rtl/utils/gen_dff.v(98): INFO: compiling module 'gen_rst_def_dff_default' (VERI-1018)
/home/sidharth/Vivado_Projects/riscv_mac/riscv_mac.srcs/sources_1/imports/rtl/utils/gen_dff.v(125): INFO: compiling module 'gen_en_dff_default' (VERI-1018)
/home/sidharth/Vivado_Projects/riscv_mac/riscv_mac.srcs/sources_1/imports/rtl/soc/tinyriscv_soc_top.v(20): INFO: compiling module 'tinyriscv_soc_top_default' (VERI-1018)
ModName: full_handshake_rx(DW=40)
ModName: full_handshake_tx(DW=40)
ModName: gen_pipe_dff(DW=1)
ModName: gen_pipe_dff(DW=5)
ModName: gen_pipe_dff(DW=8)
BaseName full_handshake_rx has 1 entries
BaseName full_handshake_tx has 1 entries
BaseName gen_pipe_dff has 3 entries
srcscan exits with return value 0
