
*** Running vivado
    with args -log tinyriscv_soc_top.vdi -applog -m64 -product Vivado -messageDb vivado.pb -mode batch -source tinyriscv_soc_top.tcl -notrace


****** Vivado v2024.1 (64-bit)
  **** SW Build 5076996 on Wed May 22 18:36:09 MDT 2024
  **** IP Build 5075265 on Wed May 22 21:45:21 MDT 2024
  **** SharedData Build 5076995 on Wed May 22 18:29:18 MDT 2024
  **** Start of session at: Tue Jun  3 12:57:23 2025
    ** Copyright 1986-2022 Xilinx, Inc. All Rights Reserved.
    ** Copyright 2022-2024 Advanced Micro Devices, Inc. All Rights Reserved.

source tinyriscv_soc_top.tcl -notrace
create_project: Time (s): cpu = 00:00:06 ; elapsed = 00:00:06 . Memory (MB): peak = 1413.871 ; gain = 0.027 ; free physical = 9744 ; free virtual = 27437
Command: link_design -top tinyriscv_soc_top -part xc7a35tcpg236-1
Design is defaulting to srcset: sources_1
Design is defaulting to constrset: constrs_1
INFO: [Device 21-403] Loading part xc7a35tcpg236-1
INFO: [Device 21-9227] Part: xc7a35tcpg236-1 does not have CEAM library.
Netlist sorting complete. Time (s): cpu = 00:00:00.07 ; elapsed = 00:00:00.06 . Memory (MB): peak = 1748.910 ; gain = 0.000 ; free physical = 9424 ; free virtual = 27118
INFO: [Netlist 29-17] Analyzing 2487 Unisim elements for replacement
INFO: [Netlist 29-28] Unisim Transformation completed in 0 CPU seconds
INFO: [Project 1-479] Netlist was created with Vivado 2024.1
INFO: [Project 1-570] Preparing netlist for logic optimization
Parsing XDC File [/home/sidharth/Vivado_Projects/tinyriscv_load/tinyriscv_load.srcs/constrs_1/imports/constrs/tinyriscv.xdc]
CRITICAL WARNING: [Common 17-69] Command failed: 'N14' is not a valid site or package pin name. [/home/sidharth/Vivado_Projects/tinyriscv_load/tinyriscv_load.srcs/constrs_1/imports/constrs/tinyriscv.xdc:2]
CRITICAL WARNING: [Common 17-69] Command failed: 'N14' is not a valid site or package pin name. [/home/sidharth/Vivado_Projects/tinyriscv_load/tinyriscv_load.srcs/constrs_1/imports/constrs/tinyriscv.xdc:7]
CRITICAL WARNING: [Common 17-69] Command failed: 'L13' is not a valid site or package pin name. [/home/sidharth/Vivado_Projects/tinyriscv_load/tinyriscv_load.srcs/constrs_1/imports/constrs/tinyriscv.xdc:11]
CRITICAL WARNING: [Common 17-69] Command failed: 'M16' is not a valid site or package pin name. [/home/sidharth/Vivado_Projects/tinyriscv_load/tinyriscv_load.srcs/constrs_1/imports/constrs/tinyriscv.xdc:15]
CRITICAL WARNING: [Common 17-69] Command failed: 'N16' is not a valid site or package pin name. [/home/sidharth/Vivado_Projects/tinyriscv_load/tinyriscv_load.srcs/constrs_1/imports/constrs/tinyriscv.xdc:19]
CRITICAL WARNING: [Common 17-69] Command failed: 'P15' is not a valid site or package pin name. [/home/sidharth/Vivado_Projects/tinyriscv_load/tinyriscv_load.srcs/constrs_1/imports/constrs/tinyriscv.xdc:23]
CRITICAL WARNING: [Common 17-69] Command failed: 'K13' is not a valid site or package pin name. [/home/sidharth/Vivado_Projects/tinyriscv_load/tinyriscv_load.srcs/constrs_1/imports/constrs/tinyriscv.xdc:27]
CRITICAL WARNING: [Common 17-69] Command failed: 'M6' is not a valid site or package pin name. [/home/sidharth/Vivado_Projects/tinyriscv_load/tinyriscv_load.srcs/constrs_1/imports/constrs/tinyriscv.xdc:31]
CRITICAL WARNING: [Common 17-69] Command failed: 'N6' is not a valid site or package pin name. [/home/sidharth/Vivado_Projects/tinyriscv_load/tinyriscv_load.srcs/constrs_1/imports/constrs/tinyriscv.xdc:35]
CRITICAL WARNING: [Common 17-69] Command failed: 'P16' is not a valid site or package pin name. [/home/sidharth/Vivado_Projects/tinyriscv_load/tinyriscv_load.srcs/constrs_1/imports/constrs/tinyriscv.xdc:39]
CRITICAL WARNING: [Common 17-69] Command failed: 'T15' is not a valid site or package pin name. [/home/sidharth/Vivado_Projects/tinyriscv_load/tinyriscv_load.srcs/constrs_1/imports/constrs/tinyriscv.xdc:43]
CRITICAL WARNING: [Common 17-69] Command failed: 'N11' is not a valid site or package pin name. [/home/sidharth/Vivado_Projects/tinyriscv_load/tinyriscv_load.srcs/constrs_1/imports/constrs/tinyriscv.xdc:47]
CRITICAL WARNING: [Common 17-69] Command failed: 'M5' is not a valid site or package pin name. [/home/sidharth/Vivado_Projects/tinyriscv_load/tinyriscv_load.srcs/constrs_1/imports/constrs/tinyriscv.xdc:73]
CRITICAL WARNING: [Common 17-69] Command failed: 'N4' is not a valid site or package pin name. [/home/sidharth/Vivado_Projects/tinyriscv_load/tinyriscv_load.srcs/constrs_1/imports/constrs/tinyriscv.xdc:77]
Finished Parsing XDC File [/home/sidharth/Vivado_Projects/tinyriscv_load/tinyriscv_load.srcs/constrs_1/imports/constrs/tinyriscv.xdc]
INFO: [Opt 31-138] Pushed 0 inverter(s) to 0 load pin(s).
Netlist sorting complete. Time (s): cpu = 00:00:00 ; elapsed = 00:00:00.01 . Memory (MB): peak = 1998.250 ; gain = 0.000 ; free physical = 9297 ; free virtual = 26991
INFO: [Project 1-111] Unisim Transformation Summary:
  A total of 1026 instances were transformed.
  IOBUF => IOBUF (IBUF, OBUFT): 2 instances
  RAM256X1S => RAM256X1S (MUXF7(x2), MUXF8, RAMS64E(x4)): 1024 instances

8 Infos, 0 Warnings, 14 Critical Warnings and 0 Errors encountered.
link_design completed successfully
link_design: Time (s): cpu = 00:00:05 ; elapsed = 00:00:06 . Memory (MB): peak = 1998.250 ; gain = 584.379 ; free physical = 9298 ; free virtual = 26992
Command: opt_design
Attempting to get a license for feature 'Implementation' and/or device 'xc7a35t'
INFO: [Common 17-349] Got license for feature 'Implementation' and/or device 'xc7a35t'
Running DRC as a precondition to command opt_design

Starting DRC Task
INFO: [DRC 23-27] Running DRC with 8 threads
INFO: [Project 1-461] DRC finished with 0 Errors
INFO: [Project 1-462] Please refer to the DRC report (report_drc) for more information.

Time (s): cpu = 00:00:01 ; elapsed = 00:00:00.62 . Memory (MB): peak = 2106.875 ; gain = 108.625 ; free physical = 9272 ; free virtual = 26966

Starting Cache Timing Information Task
INFO: [Timing 38-35] Done setting XDC timing constraints.
Ending Cache Timing Information Task | Checksum: 1b4926c30

Time (s): cpu = 00:00:05 ; elapsed = 00:00:05 . Memory (MB): peak = 2545.688 ; gain = 438.812 ; free physical = 8809 ; free virtual = 26531

Starting Logic Optimization Task

Phase 1 Initialization

Phase 1.1 Core Generation And Design Setup
Phase 1.1 Core Generation And Design Setup | Checksum: 1b4926c30

Time (s): cpu = 00:00:00 ; elapsed = 00:00:00 . Memory (MB): peak = 2860.492 ; gain = 0.000 ; free physical = 8505 ; free virtual = 26223

Phase 1.2 Setup Constraints And Sort Netlist
Phase 1.2 Setup Constraints And Sort Netlist | Checksum: 1b4926c30

Time (s): cpu = 00:00:00 ; elapsed = 00:00:00.01 . Memory (MB): peak = 2860.492 ; gain = 0.000 ; free physical = 8505 ; free virtual = 26223
Phase 1 Initialization | Checksum: 1b4926c30

Time (s): cpu = 00:00:00.01 ; elapsed = 00:00:00.01 . Memory (MB): peak = 2860.492 ; gain = 0.000 ; free physical = 8505 ; free virtual = 26223

Phase 2 Timer Update And Timing Data Collection

Phase 2.1 Timer Update
Phase 2.1 Timer Update | Checksum: 1b4926c30

Time (s): cpu = 00:00:02 ; elapsed = 00:00:00.42 . Memory (MB): peak = 2860.492 ; gain = 0.000 ; free physical = 8506 ; free virtual = 26224

Phase 2.2 Timing Data Collection
Phase 2.2 Timing Data Collection | Checksum: 1b4926c30

Time (s): cpu = 00:00:02 ; elapsed = 00:00:00.46 . Memory (MB): peak = 2860.492 ; gain = 0.000 ; free physical = 8506 ; free virtual = 26224
Phase 2 Timer Update And Timing Data Collection | Checksum: 1b4926c30

Time (s): cpu = 00:00:02 ; elapsed = 00:00:00.47 . Memory (MB): peak = 2860.492 ; gain = 0.000 ; free physical = 8506 ; free virtual = 26224

Phase 3 Retarget
INFO: [Opt 31-1834] Total Chains To Be Transformed Were: 0 AND Number of Transformed insts Created are: 0
INFO: [Opt 31-138] Pushed 0 inverter(s) to 0 load pin(s).
INFO: [Opt 31-49] Retargeted 0 cell(s).
Phase 3 Retarget | Checksum: 1b4926c30

Time (s): cpu = 00:00:02 ; elapsed = 00:00:00.61 . Memory (MB): peak = 2860.492 ; gain = 0.000 ; free physical = 8445 ; free virtual = 26174
Retarget | Checksum: 1b4926c30
INFO: [Opt 31-389] Phase Retarget created 0 cells and removed 0 cells

Phase 4 Constant propagation
INFO: [Opt 31-138] Pushed 0 inverter(s) to 0 load pin(s).
Phase 4 Constant propagation | Checksum: 23652d8d9

Time (s): cpu = 00:00:02 ; elapsed = 00:00:00.71 . Memory (MB): peak = 2860.492 ; gain = 0.000 ; free physical = 8437 ; free virtual = 26167
Constant propagation | Checksum: 23652d8d9
INFO: [Opt 31-389] Phase Constant propagation created 0 cells and removed 0 cells

Phase 5 Sweep
Phase 5 Sweep | Checksum: 221ccee51

Time (s): cpu = 00:00:02 ; elapsed = 00:00:00.96 . Memory (MB): peak = 2860.492 ; gain = 0.000 ; free physical = 8427 ; free virtual = 26161
Sweep | Checksum: 221ccee51
INFO: [Opt 31-389] Phase Sweep created 0 cells and removed 0 cells

Phase 6 BUFG optimization
Phase 6 BUFG optimization | Checksum: 221ccee51

Time (s): cpu = 00:00:03 ; elapsed = 00:00:01 . Memory (MB): peak = 2860.492 ; gain = 0.000 ; free physical = 8431 ; free virtual = 26149
BUFG optimization | Checksum: 221ccee51
INFO: [Opt 31-662] Phase BUFG optimization created 0 cells of which 0 are BUFGs and removed 0 cells.

Phase 7 Shift Register Optimization
INFO: [Opt 31-1064] SRL Remap converted 0 SRLs to 0 registers and converted 0 registers of register chains to 0 SRLs
Phase 7 Shift Register Optimization | Checksum: 221ccee51

Time (s): cpu = 00:00:03 ; elapsed = 00:00:01 . Memory (MB): peak = 2860.492 ; gain = 0.000 ; free physical = 8431 ; free virtual = 26149
Shift Register Optimization | Checksum: 221ccee51
INFO: [Opt 31-389] Phase Shift Register Optimization created 0 cells and removed 0 cells

Phase 8 Post Processing Netlist
Phase 8 Post Processing Netlist | Checksum: 221ccee51

Time (s): cpu = 00:00:03 ; elapsed = 00:00:01 . Memory (MB): peak = 2860.492 ; gain = 0.000 ; free physical = 8431 ; free virtual = 26149
Post Processing Netlist | Checksum: 221ccee51
INFO: [Opt 31-389] Phase Post Processing Netlist created 0 cells and removed 0 cells

Phase 9 Finalization

Phase 9.1 Finalizing Design Cores and Updating Shapes
Phase 9.1 Finalizing Design Cores and Updating Shapes | Checksum: 1c4ddf0b9

Time (s): cpu = 00:00:03 ; elapsed = 00:00:01 . Memory (MB): peak = 2860.492 ; gain = 0.000 ; free physical = 8431 ; free virtual = 26149

Phase 9.2 Verifying Netlist Connectivity

Starting Connectivity Check Task

Time (s): cpu = 00:00:00.02 ; elapsed = 00:00:00.03 . Memory (MB): peak = 2860.492 ; gain = 0.000 ; free physical = 8431 ; free virtual = 26149
Phase 9.2 Verifying Netlist Connectivity | Checksum: 1c4ddf0b9

Time (s): cpu = 00:00:03 ; elapsed = 00:00:01 . Memory (MB): peak = 2860.492 ; gain = 0.000 ; free physical = 8431 ; free virtual = 26149
Phase 9 Finalization | Checksum: 1c4ddf0b9

Time (s): cpu = 00:00:03 ; elapsed = 00:00:01 . Memory (MB): peak = 2860.492 ; gain = 0.000 ; free physical = 8431 ; free virtual = 26149
Opt_design Change Summary
=========================


-------------------------------------------------------------------------------------------------------------------------
|  Phase                        |  #Cells created  |  #Cells Removed  |  #Constrained objects preventing optimizations  |
-------------------------------------------------------------------------------------------------------------------------
|  Retarget                     |               0  |               0  |                                              0  |
|  Constant propagation         |               0  |               0  |                                              0  |
|  Sweep                        |               0  |               0  |                                              0  |
|  BUFG optimization            |               0  |               0  |                                              0  |
|  Shift Register Optimization  |               0  |               0  |                                              0  |
|  Post Processing Netlist      |               0  |               0  |                                              0  |
-------------------------------------------------------------------------------------------------------------------------


Ending Logic Optimization Task | Checksum: 1c4ddf0b9

Time (s): cpu = 00:00:03 ; elapsed = 00:00:01 . Memory (MB): peak = 2860.492 ; gain = 0.000 ; free physical = 8431 ; free virtual = 26149

Starting Power Optimization Task
INFO: [Pwropt 34-132] Skipping clock gating for clocks with a period < 2.00 ns.
Ending Power Optimization Task | Checksum: 1c4ddf0b9

Time (s): cpu = 00:00:00.02 ; elapsed = 00:00:00.02 . Memory (MB): peak = 2860.492 ; gain = 0.000 ; free physical = 8431 ; free virtual = 26149

Starting Final Cleanup Task
Ending Final Cleanup Task | Checksum: 1c4ddf0b9

Time (s): cpu = 00:00:00 ; elapsed = 00:00:00 . Memory (MB): peak = 2860.492 ; gain = 0.000 ; free physical = 8431 ; free virtual = 26149

Starting Netlist Obfuscation Task
Netlist sorting complete. Time (s): cpu = 00:00:00.01 ; elapsed = 00:00:00.01 . Memory (MB): peak = 2860.492 ; gain = 0.000 ; free physical = 8431 ; free virtual = 26149
Ending Netlist Obfuscation Task | Checksum: 1c4ddf0b9

Time (s): cpu = 00:00:00.01 ; elapsed = 00:00:00.01 . Memory (MB): peak = 2860.492 ; gain = 0.000 ; free physical = 8431 ; free virtual = 26149
INFO: [Common 17-83] Releasing license: Implementation
26 Infos, 0 Warnings, 14 Critical Warnings and 0 Errors encountered.
opt_design completed successfully
opt_design: Time (s): cpu = 00:00:11 ; elapsed = 00:00:09 . Memory (MB): peak = 2860.492 ; gain = 862.242 ; free physical = 8431 ; free virtual = 26149
INFO: [Vivado 12-24828] Executing command : report_drc -file tinyriscv_soc_top_drc_opted.rpt -pb tinyriscv_soc_top_drc_opted.pb -rpx tinyriscv_soc_top_drc_opted.rpx
Command: report_drc -file tinyriscv_soc_top_drc_opted.rpt -pb tinyriscv_soc_top_drc_opted.pb -rpx tinyriscv_soc_top_drc_opted.rpx
INFO: [IP_Flow 19-234] Refreshing IP repositories
INFO: [IP_Flow 19-1704] No user IP repositories specified
INFO: [IP_Flow 19-2313] Loaded Vivado IP repository '/tools/Xilinx/Vivado/2024.1/data/ip'.
INFO: [DRC 23-27] Running DRC with 8 threads
INFO: [Vivado_Tcl 2-168] The results of DRC are in file /home/sidharth/Vivado_Projects/tinyriscv_load/tinyriscv_load.runs/impl_1/tinyriscv_soc_top_drc_opted.rpt.
report_drc completed successfully
INFO: [Timing 38-480] Writing timing data to binary archive.
Wrote PlaceDB: Time (s): cpu = 00:00:00 ; elapsed = 00:00:00 . Memory (MB): peak = 2900.512 ; gain = 0.000 ; free physical = 8471 ; free virtual = 26192
Wrote PulsedLatchDB: Time (s): cpu = 00:00:00.01 ; elapsed = 00:00:00.01 . Memory (MB): peak = 2900.512 ; gain = 0.000 ; free physical = 8471 ; free virtual = 26192
Writing XDEF routing.
Writing XDEF routing logical nets.
Writing XDEF routing special nets.
Wrote RouteStorage: Time (s): cpu = 00:00:00.22 ; elapsed = 00:00:00.04 . Memory (MB): peak = 2900.512 ; gain = 0.000 ; free physical = 8471 ; free virtual = 26193
Wrote Netlist Cache: Time (s): cpu = 00:00:00 ; elapsed = 00:00:00 . Memory (MB): peak = 2900.512 ; gain = 0.000 ; free physical = 8470 ; free virtual = 26192
Write ShapeDB Complete: Time (s): cpu = 00:00:00.23 ; elapsed = 00:00:00.05 . Memory (MB): peak = 2900.512 ; gain = 0.000 ; free physical = 8470 ; free virtual = 26192
Wrote Device Cache: Time (s): cpu = 00:00:00.03 ; elapsed = 00:00:00.01 . Memory (MB): peak = 2900.512 ; gain = 0.000 ; free physical = 8470 ; free virtual = 26192
Write Physdb Complete: Time (s): cpu = 00:00:00.27 ; elapsed = 00:00:00.06 . Memory (MB): peak = 2900.512 ; gain = 0.000 ; free physical = 8470 ; free virtual = 26192
INFO: [Common 17-1381] The checkpoint '/home/sidharth/Vivado_Projects/tinyriscv_load/tinyriscv_load.runs/impl_1/tinyriscv_soc_top_opt.dcp' has been generated.
Command: place_design
Attempting to get a license for feature 'Implementation' and/or device 'xc7a35t'
INFO: [Common 17-349] Got license for feature 'Implementation' and/or device 'xc7a35t'
INFO: [Common 17-83] Releasing license: Implementation
INFO: [DRC 23-27] Running DRC with 8 threads
INFO: [Vivado_Tcl 4-198] DRC finished with 0 Errors
INFO: [Vivado_Tcl 4-199] Please refer to the DRC report (report_drc) for more information.
Running DRC as a precondition to command place_design
INFO: [DRC 23-27] Running DRC with 8 threads
INFO: [Vivado_Tcl 4-198] DRC finished with 0 Errors
INFO: [Vivado_Tcl 4-199] Please refer to the DRC report (report_drc) for more information.
INFO: [Place 30-611] Multithreading enabled for place_design using a maximum of 8 CPUs

Starting Placer Task

Phase 1 Placer Initialization

Phase 1.1 Placer Initialization Netlist Sorting
Netlist sorting complete. Time (s): cpu = 00:00:00 ; elapsed = 00:00:00.01 . Memory (MB): peak = 2900.512 ; gain = 0.000 ; free physical = 8519 ; free virtual = 26243
Phase 1.1 Placer Initialization Netlist Sorting | Checksum: 1ac608f63

Time (s): cpu = 00:00:00.02 ; elapsed = 00:00:00.01 . Memory (MB): peak = 2900.512 ; gain = 0.000 ; free physical = 8519 ; free virtual = 26243
Netlist sorting complete. Time (s): cpu = 00:00:00.01 ; elapsed = 00:00:00 . Memory (MB): peak = 2900.512 ; gain = 0.000 ; free physical = 8519 ; free virtual = 26243

Phase 1.2 IO Placement/ Clock Placement/ Build Placer Device
INFO: [Timing 38-35] Done setting XDC timing constraints.
Phase 1.2 IO Placement/ Clock Placement/ Build Placer Device | Checksum: 20ef3a67d

Time (s): cpu = 00:00:03 ; elapsed = 00:00:01 . Memory (MB): peak = 2900.512 ; gain = 0.000 ; free physical = 8524 ; free virtual = 26248

Phase 1.3 Build Placer Netlist Model
Phase 1.3 Build Placer Netlist Model | Checksum: 26b687c6d

Time (s): cpu = 00:00:11 ; elapsed = 00:00:05 . Memory (MB): peak = 2912.535 ; gain = 12.023 ; free physical = 8355 ; free virtual = 26084

Phase 1.4 Constrain Clocks/Macros
Phase 1.4 Constrain Clocks/Macros | Checksum: 26b687c6d

Time (s): cpu = 00:00:11 ; elapsed = 00:00:05 . Memory (MB): peak = 2912.535 ; gain = 12.023 ; free physical = 8317 ; free virtual = 26046
Phase 1 Placer Initialization | Checksum: 26b687c6d

Time (s): cpu = 00:00:11 ; elapsed = 00:00:05 . Memory (MB): peak = 2912.535 ; gain = 12.023 ; free physical = 8261 ; free virtual = 25991

Phase 2 Global Placement

Phase 2.1 Floorplanning
Phase 2.1 Floorplanning | Checksum: 29e3de368

Time (s): cpu = 00:00:14 ; elapsed = 00:00:07 . Memory (MB): peak = 2938.254 ; gain = 37.742 ; free physical = 7965 ; free virtual = 25692

Phase 2.2 Update Timing before SLR Path Opt
Phase 2.2 Update Timing before SLR Path Opt | Checksum: 22059a358

Time (s): cpu = 00:00:17 ; elapsed = 00:00:08 . Memory (MB): peak = 2938.254 ; gain = 37.742 ; free physical = 7777 ; free virtual = 25504

Phase 2.3 Post-Processing in Floorplanning
Phase 2.3 Post-Processing in Floorplanning | Checksum: 22059a358

Time (s): cpu = 00:00:17 ; elapsed = 00:00:08 . Memory (MB): peak = 2938.254 ; gain = 37.742 ; free physical = 7740 ; free virtual = 25467

Phase 2.4 Global Placement Core

Phase 2.4.1 UpdateTiming Before Physical Synthesis
Phase 2.4.1 UpdateTiming Before Physical Synthesis | Checksum: 2ba25011f

Time (s): cpu = 00:00:46 ; elapsed = 00:00:20 . Memory (MB): peak = 2938.254 ; gain = 37.742 ; free physical = 6427 ; free virtual = 24150

Phase 2.4.2 Physical Synthesis In Placer
INFO: [Physopt 32-1035] Found 0 LUTNM shape to break, 580 LUT instances to create LUTNM shape
INFO: [Physopt 32-1044] Break lutnm for timing: one critical 0, two critical 0, total 0, new lutff created 0
INFO: [Physopt 32-1138] End 1 Pass. Optimized 235 nets or LUTs. Breaked 0 LUT, combined 235 existing LUTs and moved 0 existing LUT
INFO: [Physopt 32-65] No nets found for high-fanout optimization.
INFO: [Physopt 32-232] Optimized 0 net. Created 0 new instance.
INFO: [Physopt 32-775] End 1 Pass. Optimized 0 net or cell. Created 0 new cell, deleted 0 existing cell and moved 0 existing cell
INFO: [Physopt 32-670] No setup violation found.  DSP Register Optimization was not performed.
INFO: [Physopt 32-670] No setup violation found.  Shift Register to Pipeline Optimization was not performed.
INFO: [Physopt 32-670] No setup violation found.  Shift Register Optimization was not performed.
INFO: [Physopt 32-670] No setup violation found.  BRAM Register Optimization was not performed.
INFO: [Physopt 32-670] No setup violation found.  URAM Register Optimization was not performed.
INFO: [Physopt 32-949] No candidate nets found for dynamic/static region interface net replication
INFO: [Physopt 32-775] End 1 Pass. Optimized 0 net or cell. Created 0 new cell, deleted 0 existing cell and moved 0 existing cell
Netlist sorting complete. Time (s): cpu = 00:00:00 ; elapsed = 00:00:00 . Memory (MB): peak = 2938.254 ; gain = 0.000 ; free physical = 6996 ; free virtual = 24721

Summary of Physical Synthesis Optimizations
============================================


-----------------------------------------------------------------------------------------------------------------------------------------------------------
|  Optimization                                     |  Added Cells  |  Removed Cells  |  Optimized Cells/Nets  |  Dont Touch  |  Iterations  |  Elapsed   |
-----------------------------------------------------------------------------------------------------------------------------------------------------------
|  LUT Combining                                    |            0  |            235  |                   235  |           0  |           1  |  00:00:02  |
|  Retime                                           |            0  |              0  |                     0  |           0  |           1  |  00:00:00  |
|  Very High Fanout                                 |            0  |              0  |                     0  |           0  |           1  |  00:00:00  |
|  DSP Register                                     |            0  |              0  |                     0  |           0  |           0  |  00:00:00  |
|  Shift Register to Pipeline                       |            0  |              0  |                     0  |           0  |           0  |  00:00:00  |
|  Shift Register                                   |            0  |              0  |                     0  |           0  |           0  |  00:00:00  |
|  BRAM Register                                    |            0  |              0  |                     0  |           0  |           0  |  00:00:00  |
|  URAM Register                                    |            0  |              0  |                     0  |           0  |           0  |  00:00:00  |
|  Dynamic/Static Region Interface Net Replication  |            0  |              0  |                     0  |           0  |           1  |  00:00:00  |
|  Total                                            |            0  |            235  |                   235  |           0  |           4  |  00:00:02  |
-----------------------------------------------------------------------------------------------------------------------------------------------------------


Phase 2.4.2 Physical Synthesis In Placer | Checksum: 25961c6c7

Time (s): cpu = 00:00:51 ; elapsed = 00:00:23 . Memory (MB): peak = 2938.254 ; gain = 37.742 ; free physical = 6968 ; free virtual = 24692
Phase 2.4 Global Placement Core | Checksum: 21cb8f50c

Time (s): cpu = 00:00:53 ; elapsed = 00:00:24 . Memory (MB): peak = 2938.254 ; gain = 37.742 ; free physical = 6957 ; free virtual = 24681
Phase 2 Global Placement | Checksum: 21cb8f50c

Time (s): cpu = 00:00:53 ; elapsed = 00:00:24 . Memory (MB): peak = 2938.254 ; gain = 37.742 ; free physical = 6957 ; free virtual = 24681

Phase 3 Detail Placement

Phase 3.1 Commit Multi Column Macros
Phase 3.1 Commit Multi Column Macros | Checksum: 19c2de710

Time (s): cpu = 00:00:56 ; elapsed = 00:00:25 . Memory (MB): peak = 2938.254 ; gain = 37.742 ; free physical = 6951 ; free virtual = 24675

Phase 3.2 Commit Most Macros & LUTRAMs
Phase 3.2 Commit Most Macros & LUTRAMs | Checksum: 1cec0503f

Time (s): cpu = 00:01:03 ; elapsed = 00:00:29 . Memory (MB): peak = 2938.254 ; gain = 37.742 ; free physical = 6921 ; free virtual = 24645

Phase 3.3 Area Swap Optimization
Phase 3.3 Area Swap Optimization | Checksum: 2a0325254

Time (s): cpu = 00:01:04 ; elapsed = 00:00:29 . Memory (MB): peak = 2938.254 ; gain = 37.742 ; free physical = 6921 ; free virtual = 24644

Phase 3.4 Pipeline Register Optimization
Phase 3.4 Pipeline Register Optimization | Checksum: 1b8e02d87

Time (s): cpu = 00:01:04 ; elapsed = 00:00:29 . Memory (MB): peak = 2938.254 ; gain = 37.742 ; free physical = 6920 ; free virtual = 24644

Phase 3.5 Fast Optimization
Phase 3.5 Fast Optimization | Checksum: 28a8bc34e

Time (s): cpu = 00:01:12 ; elapsed = 00:00:32 . Memory (MB): peak = 2938.254 ; gain = 37.742 ; free physical = 6866 ; free virtual = 24596

Phase 3.6 Small Shape Detail Placement
Phase 3.6 Small Shape Detail Placement | Checksum: 27ed3fa08

Time (s): cpu = 00:01:17 ; elapsed = 00:00:36 . Memory (MB): peak = 2938.254 ; gain = 37.742 ; free physical = 6822 ; free virtual = 24552

Phase 3.7 Re-assign LUT pins
Phase 3.7 Re-assign LUT pins | Checksum: 211859c78

Time (s): cpu = 00:01:18 ; elapsed = 00:00:37 . Memory (MB): peak = 2938.254 ; gain = 37.742 ; free physical = 6799 ; free virtual = 24531

Phase 3.8 Pipeline Register Optimization
Phase 3.8 Pipeline Register Optimization | Checksum: 278f0354b

Time (s): cpu = 00:01:18 ; elapsed = 00:00:37 . Memory (MB): peak = 2938.254 ; gain = 37.742 ; free physical = 6797 ; free virtual = 24528

Phase 3.9 Fast Optimization
Phase 3.9 Fast Optimization | Checksum: 214dab6b2

Time (s): cpu = 00:01:28 ; elapsed = 00:00:40 . Memory (MB): peak = 2940.465 ; gain = 39.953 ; free physical = 6805 ; free virtual = 24524
Phase 3 Detail Placement | Checksum: 214dab6b2

Time (s): cpu = 00:01:28 ; elapsed = 00:00:41 . Memory (MB): peak = 2940.465 ; gain = 39.953 ; free physical = 6790 ; free virtual = 24510

Phase 4 Post Placement Optimization and Clean-Up

Phase 4.1 Post Commit Optimization
INFO: [Timing 38-35] Done setting XDC timing constraints.

Phase 4.1.1 Post Placement Optimization
Post Placement Optimization Initialization | Checksum: 2a73d08f3

Phase 4.1.1.1 BUFG Insertion

Starting Physical Synthesis Task

Phase 1 Physical Synthesis Initialization
INFO: [Physopt 32-721] Multithreading enabled for phys_opt_design using a maximum of 8 CPUs
INFO: [Physopt 32-619] Estimated Timing Summary | WNS=-0.010 | TNS=-0.018 |
Phase 1 Physical Synthesis Initialization | Checksum: 17a148b16

Time (s): cpu = 00:00:02 ; elapsed = 00:00:00.9 . Memory (MB): peak = 2983.262 ; gain = 0.000 ; free physical = 6364 ; free virtual = 24086
INFO: [Place 46-33] Processed net u_tinyriscv/u_csr_reg/SR[0], BUFG insertion was skipped due to placement/routing conflicts.
INFO: [Place 46-56] BUFG insertion identified 1 candidate nets. Inserted BUFG: 0, Replicated BUFG Driver: 0, Skipped due to Placement/Routing Conflicts: 1, Skipped due to Timing Degradation: 0, Skipped due to netlist editing failed: 0.
Ending Physical Synthesis Task | Checksum: 1e4a0c490

Time (s): cpu = 00:00:03 ; elapsed = 00:00:01 . Memory (MB): peak = 2983.262 ; gain = 0.000 ; free physical = 6314 ; free virtual = 24036
Phase 4.1.1.1 BUFG Insertion | Checksum: 2a73d08f3

Time (s): cpu = 00:01:40 ; elapsed = 00:00:45 . Memory (MB): peak = 2983.262 ; gain = 82.750 ; free physical = 6295 ; free virtual = 24018

Phase 4.1.1.2 Post Placement Timing Optimization
INFO: [Place 30-746] Post Placement Timing Summary WNS=0.524. For the most accurate timing information please run report_timing.
Phase 4.1.1.2 Post Placement Timing Optimization | Checksum: 1a7f3600f

Time (s): cpu = 00:01:49 ; elapsed = 00:00:50 . Memory (MB): peak = 2983.262 ; gain = 82.750 ; free physical = 5920 ; free virtual = 23640

Time (s): cpu = 00:01:49 ; elapsed = 00:00:50 . Memory (MB): peak = 2983.262 ; gain = 82.750 ; free physical = 5920 ; free virtual = 23640
Phase 4.1 Post Commit Optimization | Checksum: 1a7f3600f

Time (s): cpu = 00:01:49 ; elapsed = 00:00:50 . Memory (MB): peak = 2983.262 ; gain = 82.750 ; free physical = 5920 ; free virtual = 23640

Phase 4.2 Post Placement Cleanup
Phase 4.2 Post Placement Cleanup | Checksum: 1a7f3600f

Time (s): cpu = 00:01:49 ; elapsed = 00:00:50 . Memory (MB): peak = 2983.262 ; gain = 82.750 ; free physical = 5924 ; free virtual = 23644

Phase 4.3 Placer Reporting

Phase 4.3.1 Print Estimated Congestion
INFO: [Place 30-612] Post-Placement Estimated Congestion 
 ____________________________________________________
|           | Global Congestion | Short Congestion  |
| Direction | Region Size       | Region Size       |
|___________|___________________|___________________|
|      North|                1x1|                2x2|
|___________|___________________|___________________|
|      South|                1x1|                4x4|
|___________|___________________|___________________|
|       East|                1x1|                1x1|
|___________|___________________|___________________|
|       West|                1x1|                1x1|
|___________|___________________|___________________|

Phase 4.3.1 Print Estimated Congestion | Checksum: 1a7f3600f

Time (s): cpu = 00:01:49 ; elapsed = 00:00:50 . Memory (MB): peak = 2983.262 ; gain = 82.750 ; free physical = 5923 ; free virtual = 23643
Phase 4.3 Placer Reporting | Checksum: 1a7f3600f

Time (s): cpu = 00:01:49 ; elapsed = 00:00:50 . Memory (MB): peak = 2983.262 ; gain = 82.750 ; free physical = 5921 ; free virtual = 23641

Phase 4.4 Final Placement Cleanup
Netlist sorting complete. Time (s): cpu = 00:00:00.01 ; elapsed = 00:00:00 . Memory (MB): peak = 2983.262 ; gain = 0.000 ; free physical = 5921 ; free virtual = 23641

Time (s): cpu = 00:01:49 ; elapsed = 00:00:50 . Memory (MB): peak = 2983.262 ; gain = 82.750 ; free physical = 5921 ; free virtual = 23641
Phase 4 Post Placement Optimization and Clean-Up | Checksum: 147b933b0

Time (s): cpu = 00:01:49 ; elapsed = 00:00:50 . Memory (MB): peak = 2983.262 ; gain = 82.750 ; free physical = 5920 ; free virtual = 23640
Ending Placer Task | Checksum: 120033c67

Time (s): cpu = 00:01:50 ; elapsed = 00:00:50 . Memory (MB): peak = 2983.262 ; gain = 82.750 ; free physical = 5925 ; free virtual = 23645
64 Infos, 0 Warnings, 14 Critical Warnings and 0 Errors encountered.
place_design completed successfully
place_design: Time (s): cpu = 00:01:53 ; elapsed = 00:00:51 . Memory (MB): peak = 2983.262 ; gain = 82.750 ; free physical = 5925 ; free virtual = 23645
INFO: [Vivado 12-24838] Running report commands "report_control_sets, report_io, report_utilization" in parallel.
Running report generation with 3 threads.
INFO: [Vivado 12-24828] Executing command : report_control_sets -verbose -file tinyriscv_soc_top_control_sets_placed.rpt
report_control_sets: Time (s): cpu = 00:00:00.22 ; elapsed = 00:00:00.22 . Memory (MB): peak = 2983.262 ; gain = 0.000 ; free physical = 5901 ; free virtual = 23622
INFO: [Vivado 12-24828] Executing command : report_io -file tinyriscv_soc_top_io_placed.rpt
report_io: Time (s): cpu = 00:00:00.3 ; elapsed = 00:00:00.28 . Memory (MB): peak = 2983.262 ; gain = 0.000 ; free physical = 5900 ; free virtual = 23621
INFO: [Vivado 12-24828] Executing command : report_utilization -file tinyriscv_soc_top_utilization_placed.rpt -pb tinyriscv_soc_top_utilization_placed.pb
INFO: [Timing 38-480] Writing timing data to binary archive.
Write ShapeDB Complete: Time (s): cpu = 00:00:00.38 ; elapsed = 00:00:00.09 . Memory (MB): peak = 2983.262 ; gain = 0.000 ; free physical = 5895 ; free virtual = 23618
Wrote PlaceDB: Time (s): cpu = 00:00:02 ; elapsed = 00:00:00.77 . Memory (MB): peak = 2983.262 ; gain = 0.000 ; free physical = 5716 ; free virtual = 23458
Wrote PulsedLatchDB: Time (s): cpu = 00:00:00 ; elapsed = 00:00:00 . Memory (MB): peak = 2983.262 ; gain = 0.000 ; free physical = 5716 ; free virtual = 23458
Writing XDEF routing.
Writing XDEF routing logical nets.
Writing XDEF routing special nets.
Wrote RouteStorage: Time (s): cpu = 00:00:00.03 ; elapsed = 00:00:00.03 . Memory (MB): peak = 2983.262 ; gain = 0.000 ; free physical = 6118 ; free virtual = 23861
Wrote Netlist Cache: Time (s): cpu = 00:00:00.02 ; elapsed = 00:00:00.03 . Memory (MB): peak = 2983.262 ; gain = 0.000 ; free physical = 6319 ; free virtual = 24063
Wrote Device Cache: Time (s): cpu = 00:00:00.01 ; elapsed = 00:00:00.01 . Memory (MB): peak = 2983.262 ; gain = 0.000 ; free physical = 6319 ; free virtual = 24063
Write Physdb Complete: Time (s): cpu = 00:00:02 ; elapsed = 00:00:00.85 . Memory (MB): peak = 2983.262 ; gain = 0.000 ; free physical = 6319 ; free virtual = 24063
INFO: [Common 17-1381] The checkpoint '/home/sidharth/Vivado_Projects/tinyriscv_load/tinyriscv_load.runs/impl_1/tinyriscv_soc_top_placed.dcp' has been generated.
Command: phys_opt_design
Attempting to get a license for feature 'Implementation' and/or device 'xc7a35t'
INFO: [Common 17-349] Got license for feature 'Implementation' and/or device 'xc7a35t'

Starting Initial Update Timing Task

Time (s): cpu = 00:00:09 ; elapsed = 00:00:03 . Memory (MB): peak = 3007.273 ; gain = 0.000 ; free physical = 5514 ; free virtual = 23240
INFO: [Vivado_Tcl 4-2279] Estimated Timing Summary | WNS= 0.411 | TNS= 0.000 | 
INFO: [Vivado_Tcl 4-383] Design worst setup slack (WNS) is greater than or equal to 0.000 ns. All physical synthesis setup optimizations will be skipped.
INFO: [Vivado_Tcl 4-232] No setup violation found. The netlist was not modified.
INFO: [Common 17-83] Releasing license: Implementation
75 Infos, 0 Warnings, 14 Critical Warnings and 0 Errors encountered.
phys_opt_design completed successfully
INFO: [Timing 38-480] Writing timing data to binary archive.
Write ShapeDB Complete: Time (s): cpu = 00:00:00.27 ; elapsed = 00:00:00.06 . Memory (MB): peak = 3007.273 ; gain = 0.000 ; free physical = 5501 ; free virtual = 23229
Wrote PlaceDB: Time (s): cpu = 00:00:02 ; elapsed = 00:00:00.76 . Memory (MB): peak = 3007.273 ; gain = 0.000 ; free physical = 5282 ; free virtual = 23012
Wrote PulsedLatchDB: Time (s): cpu = 00:00:00 ; elapsed = 00:00:00 . Memory (MB): peak = 3007.273 ; gain = 0.000 ; free physical = 5282 ; free virtual = 23012
Writing XDEF routing.
Writing XDEF routing logical nets.
Writing XDEF routing special nets.
Wrote RouteStorage: Time (s): cpu = 00:00:00.02 ; elapsed = 00:00:00.02 . Memory (MB): peak = 3007.273 ; gain = 0.000 ; free physical = 5278 ; free virtual = 23009
Wrote Netlist Cache: Time (s): cpu = 00:00:00.02 ; elapsed = 00:00:00.03 . Memory (MB): peak = 3007.273 ; gain = 0.000 ; free physical = 5278 ; free virtual = 23011
Wrote Device Cache: Time (s): cpu = 00:00:00.01 ; elapsed = 00:00:00 . Memory (MB): peak = 3007.273 ; gain = 0.000 ; free physical = 5278 ; free virtual = 23011
Write Physdb Complete: Time (s): cpu = 00:00:02 ; elapsed = 00:00:00.83 . Memory (MB): peak = 3007.273 ; gain = 0.000 ; free physical = 5278 ; free virtual = 23011
INFO: [Common 17-1381] The checkpoint '/home/sidharth/Vivado_Projects/tinyriscv_load/tinyriscv_load.runs/impl_1/tinyriscv_soc_top_physopt.dcp' has been generated.
Command: route_design
Attempting to get a license for feature 'Implementation' and/or device 'xc7a35t'
INFO: [Common 17-349] Got license for feature 'Implementation' and/or device 'xc7a35t'
Running DRC as a precondition to command route_design
INFO: [DRC 23-27] Running DRC with 8 threads
INFO: [Vivado_Tcl 4-198] DRC finished with 0 Errors
INFO: [Vivado_Tcl 4-199] Please refer to the DRC report (report_drc) for more information.


Starting Routing Task
INFO: [Route 35-254] Multithreading enabled for route_design using a maximum of 8 CPUs

Phase 1 Build RT Design
Checksum: PlaceDB: 593e8868 ConstDB: 0 ShapeSum: 264357a8 RouteDB: a0815c57
Post Restoration Checksum: NetGraph: 17204123 | NumContArr: f7fa2e7a | Constraints: c2a8fa9d | Timing: c2a8fa9d
Phase 1 Build RT Design | Checksum: 2946c64d7

Time (s): cpu = 00:00:20 ; elapsed = 00:00:11 . Memory (MB): peak = 3075.840 ; gain = 9.984 ; free physical = 6110 ; free virtual = 23886

Phase 2 Router Initialization

Phase 2.1 Fix Topology Constraints
Phase 2.1 Fix Topology Constraints | Checksum: 2946c64d7

Time (s): cpu = 00:00:21 ; elapsed = 00:00:11 . Memory (MB): peak = 3075.840 ; gain = 9.984 ; free physical = 6114 ; free virtual = 23891

Phase 2.2 Pre Route Cleanup
Phase 2.2 Pre Route Cleanup | Checksum: 2946c64d7

Time (s): cpu = 00:00:21 ; elapsed = 00:00:11 . Memory (MB): peak = 3075.840 ; gain = 9.984 ; free physical = 6106 ; free virtual = 23883
 Number of Nodes with overlaps = 0

Phase 2.3 Update Timing
Phase 2.3 Update Timing | Checksum: 22d52bcb9

Time (s): cpu = 00:00:34 ; elapsed = 00:00:16 . Memory (MB): peak = 3113.902 ; gain = 48.047 ; free physical = 6189 ; free virtual = 23966
INFO: [Route 35-416] Intermediate Timing Summary | WNS=0.975  | TNS=0.000  | WHS=-0.142 | THS=-58.246|


Router Utilization Summary
  Global Vertical Routing Utilization    = 0.093598 %
  Global Horizontal Routing Utilization  = 0.00819885 %
  Routable Net Status*
  *Does not include unroutable nets such as driverless and loadless.
  Run report_route_status for detailed report.
  Number of Failed Nets               = 13374
    (Failed Nets is the sum of unrouted and partially routed nets)
  Number of Unrouted Nets             = 13353
  Number of Partially Routed Nets     = 21
  Number of Node Overlaps             = 26

Phase 2 Router Initialization | Checksum: 2de2ec18b

Time (s): cpu = 00:00:41 ; elapsed = 00:00:17 . Memory (MB): peak = 3113.902 ; gain = 48.047 ; free physical = 6202 ; free virtual = 23979

Phase 3 Global Routing
Phase 3 Global Routing | Checksum: 2de2ec18b

Time (s): cpu = 00:00:41 ; elapsed = 00:00:17 . Memory (MB): peak = 3113.902 ; gain = 48.047 ; free physical = 6202 ; free virtual = 23979

Phase 4 Initial Routing

Phase 4.1 Initial Net Routing Pass
Phase 4.1 Initial Net Routing Pass | Checksum: 1f0372d8b

Time (s): cpu = 00:00:55 ; elapsed = 00:00:21 . Memory (MB): peak = 3115.902 ; gain = 50.047 ; free physical = 6243 ; free virtual = 24022
Phase 4 Initial Routing | Checksum: 1f0372d8b

Time (s): cpu = 00:00:55 ; elapsed = 00:00:21 . Memory (MB): peak = 3115.902 ; gain = 50.047 ; free physical = 6243 ; free virtual = 24022

Phase 5 Rip-up And Reroute

Phase 5.1 Global Iteration 0
 Number of Nodes with overlaps = 3075
 Number of Nodes with overlaps = 279
 Number of Nodes with overlaps = 85
 Number of Nodes with overlaps = 22
 Number of Nodes with overlaps = 7
 Number of Nodes with overlaps = 2
 Number of Nodes with overlaps = 0
INFO: [Route 35-416] Intermediate Timing Summary | WNS=-0.034 | TNS=-0.210 | WHS=N/A    | THS=N/A    |

Phase 5.1 Global Iteration 0 | Checksum: 24ad3190e

Time (s): cpu = 00:01:25 ; elapsed = 00:00:36 . Memory (MB): peak = 3148.027 ; gain = 82.172 ; free physical = 5130 ; free virtual = 22915

Phase 5.2 Global Iteration 1
 Number of Nodes with overlaps = 346
 Number of Nodes with overlaps = 121
 Number of Nodes with overlaps = 69
 Number of Nodes with overlaps = 31
 Number of Nodes with overlaps = 15
 Number of Nodes with overlaps = 15
 Number of Nodes with overlaps = 5
 Number of Nodes with overlaps = 2
 Number of Nodes with overlaps = 1
 Number of Nodes with overlaps = 0
INFO: [Route 35-416] Intermediate Timing Summary | WNS=0.361  | TNS=0.000  | WHS=N/A    | THS=N/A    |

Phase 5.2 Global Iteration 1 | Checksum: 30e21363e

Time (s): cpu = 00:01:33 ; elapsed = 00:00:40 . Memory (MB): peak = 3148.027 ; gain = 82.172 ; free physical = 5154 ; free virtual = 22939
Phase 5 Rip-up And Reroute | Checksum: 30e21363e

Time (s): cpu = 00:01:33 ; elapsed = 00:00:40 . Memory (MB): peak = 3148.027 ; gain = 82.172 ; free physical = 5154 ; free virtual = 22939

Phase 6 Delay and Skew Optimization

Phase 6.1 Delay CleanUp
Phase 6.1 Delay CleanUp | Checksum: 30e21363e

Time (s): cpu = 00:01:33 ; elapsed = 00:00:40 . Memory (MB): peak = 3148.027 ; gain = 82.172 ; free physical = 5154 ; free virtual = 22939

Phase 6.2 Clock Skew Optimization
Phase 6.2 Clock Skew Optimization | Checksum: 30e21363e

Time (s): cpu = 00:01:33 ; elapsed = 00:00:40 . Memory (MB): peak = 3148.027 ; gain = 82.172 ; free physical = 5154 ; free virtual = 22939
Phase 6 Delay and Skew Optimization | Checksum: 30e21363e

Time (s): cpu = 00:01:33 ; elapsed = 00:00:40 . Memory (MB): peak = 3148.027 ; gain = 82.172 ; free physical = 5154 ; free virtual = 22939

Phase 7 Post Hold Fix

Phase 7.1 Hold Fix Iter
INFO: [Route 35-416] Intermediate Timing Summary | WNS=0.361  | TNS=0.000  | WHS=0.025  | THS=0.000  |

Phase 7.1 Hold Fix Iter | Checksum: 379d890ce

Time (s): cpu = 00:01:35 ; elapsed = 00:00:40 . Memory (MB): peak = 3148.027 ; gain = 82.172 ; free physical = 5163 ; free virtual = 22948
Phase 7 Post Hold Fix | Checksum: 379d890ce

Time (s): cpu = 00:01:35 ; elapsed = 00:00:40 . Memory (MB): peak = 3148.027 ; gain = 82.172 ; free physical = 5163 ; free virtual = 22948

Phase 8 Route finalize

Router Utilization Summary
  Global Vertical Routing Utilization    = 11.9982 %
  Global Horizontal Routing Utilization  = 12.3321 %
  Routable Net Status*
  *Does not include unroutable nets such as driverless and loadless.
  Run report_route_status for detailed report.
  Number of Failed Nets               = 0
    (Failed Nets is the sum of unrouted and partially routed nets)
  Number of Unrouted Nets             = 0
  Number of Partially Routed Nets     = 0
  Number of Node Overlaps             = 0

Phase 8 Route finalize | Checksum: 379d890ce

Time (s): cpu = 00:01:36 ; elapsed = 00:00:40 . Memory (MB): peak = 3148.027 ; gain = 82.172 ; free physical = 5163 ; free virtual = 22948

Phase 9 Verifying routed nets

 Verification completed successfully
Phase 9 Verifying routed nets | Checksum: 379d890ce

Time (s): cpu = 00:01:36 ; elapsed = 00:00:40 . Memory (MB): peak = 3148.027 ; gain = 82.172 ; free physical = 5163 ; free virtual = 22948

Phase 10 Depositing Routes
Phase 10 Depositing Routes | Checksum: 329f3f9da

Time (s): cpu = 00:01:37 ; elapsed = 00:00:41 . Memory (MB): peak = 3148.027 ; gain = 82.172 ; free physical = 5163 ; free virtual = 22949

Phase 11 Post Process Routing
Phase 11 Post Process Routing | Checksum: 329f3f9da

Time (s): cpu = 00:01:37 ; elapsed = 00:00:41 . Memory (MB): peak = 3148.027 ; gain = 82.172 ; free physical = 5175 ; free virtual = 22957

Phase 12 Post Router Timing
INFO: [Route 35-57] Estimated Timing Summary | WNS=0.361  | TNS=0.000  | WHS=0.025  | THS=0.000  |

INFO: [Route 35-327] The final timing numbers are based on the router estimated timing analysis. For a complete and accurate timing signoff, please run report_timing_summary.
Phase 12 Post Router Timing | Checksum: 329f3f9da

Time (s): cpu = 00:01:37 ; elapsed = 00:00:41 . Memory (MB): peak = 3148.027 ; gain = 82.172 ; free physical = 5178 ; free virtual = 22959
Total Elapsed time in route_design: 41.15 secs

Phase 13 Post-Route Event Processing
Phase 13 Post-Route Event Processing | Checksum: 1cc823924

Time (s): cpu = 00:01:37 ; elapsed = 00:00:41 . Memory (MB): peak = 3148.027 ; gain = 82.172 ; free physical = 5178 ; free virtual = 22960
INFO: [Route 35-16] Router Completed Successfully
Ending Routing Task | Checksum: 1cc823924

Time (s): cpu = 00:01:37 ; elapsed = 00:00:41 . Memory (MB): peak = 3148.027 ; gain = 82.172 ; free physical = 5178 ; free virtual = 22960

Routing Is Done.
INFO: [Common 17-83] Releasing license: Implementation
90 Infos, 0 Warnings, 14 Critical Warnings and 0 Errors encountered.
route_design completed successfully
route_design: Time (s): cpu = 00:01:40 ; elapsed = 00:00:42 . Memory (MB): peak = 3148.027 ; gain = 140.754 ; free physical = 5178 ; free virtual = 22960
INFO: [Vivado 12-24828] Executing command : report_drc -file tinyriscv_soc_top_drc_routed.rpt -pb tinyriscv_soc_top_drc_routed.pb -rpx tinyriscv_soc_top_drc_routed.rpx
Command: report_drc -file tinyriscv_soc_top_drc_routed.rpt -pb tinyriscv_soc_top_drc_routed.pb -rpx tinyriscv_soc_top_drc_routed.rpx
INFO: [IP_Flow 19-1839] IP Catalog is up to date.
INFO: [DRC 23-27] Running DRC with 8 threads
INFO: [Vivado_Tcl 2-168] The results of DRC are in file /home/sidharth/Vivado_Projects/tinyriscv_load/tinyriscv_load.runs/impl_1/tinyriscv_soc_top_drc_routed.rpt.
report_drc completed successfully
INFO: [Vivado 12-24828] Executing command : report_methodology -file tinyriscv_soc_top_methodology_drc_routed.rpt -pb tinyriscv_soc_top_methodology_drc_routed.pb -rpx tinyriscv_soc_top_methodology_drc_routed.rpx
Command: report_methodology -file tinyriscv_soc_top_methodology_drc_routed.rpt -pb tinyriscv_soc_top_methodology_drc_routed.pb -rpx tinyriscv_soc_top_methodology_drc_routed.rpx
INFO: [Timing 38-35] Done setting XDC timing constraints.
INFO: [DRC 23-133] Running Methodology with 8 threads
INFO: [Vivado_Tcl 2-1520] The results of Report Methodology are in file /home/sidharth/Vivado_Projects/tinyriscv_load/tinyriscv_load.runs/impl_1/tinyriscv_soc_top_methodology_drc_routed.rpt.
report_methodology completed successfully
INFO: [Vivado 12-24828] Executing command : report_timing_summary -max_paths 10 -report_unconstrained -file tinyriscv_soc_top_timing_summary_routed.rpt -pb tinyriscv_soc_top_timing_summary_routed.pb -rpx tinyriscv_soc_top_timing_summary_routed.rpx -warn_on_violation 
INFO: [Timing 38-35] Done setting XDC timing constraints.
INFO: [Timing 38-91] UpdateTimingParams: Speed grade: -1, Delay Type: min_max.
INFO: [Timing 38-191] Multithreading enabled for timing update using a maximum of 8 CPUs
INFO: [Vivado 12-24838] Running report commands "report_bus_skew, report_incremental_reuse, report_route_status" in parallel.
Running report generation with 3 threads.
INFO: [Vivado 12-24828] Executing command : report_incremental_reuse -file tinyriscv_soc_top_incremental_reuse_routed.rpt
INFO: [Vivado_Tcl 4-1062] Incremental flow is disabled. No incremental reuse Info to report.
INFO: [Vivado 12-24828] Executing command : report_bus_skew -warn_on_violation -file tinyriscv_soc_top_bus_skew_routed.rpt -pb tinyriscv_soc_top_bus_skew_routed.pb -rpx tinyriscv_soc_top_bus_skew_routed.rpx
INFO: [Timing 38-91] UpdateTimingParams: Speed grade: -1, Delay Type: min_max.
INFO: [Timing 38-191] Multithreading enabled for timing update using a maximum of 8 CPUs
INFO: [Vivado 12-24828] Executing command : report_route_status -file tinyriscv_soc_top_route_status.rpt -pb tinyriscv_soc_top_route_status.pb
INFO: [Vivado 12-24828] Executing command : report_power -file tinyriscv_soc_top_power_routed.rpt -pb tinyriscv_soc_top_power_summary_routed.pb -rpx tinyriscv_soc_top_power_routed.rpx
Command: report_power -file tinyriscv_soc_top_power_routed.rpt -pb tinyriscv_soc_top_power_summary_routed.pb -rpx tinyriscv_soc_top_power_routed.rpx
Running Vector-less Activity Propagation...

Finished Running Vector-less Activity Propagation
WARNING: [Power 33-332] Found switching activity that implies high-fanout reset nets being asserted for excessive periods of time which may result in inaccurate power analysis.
Resolution: To review and fix problems, please run Power Constraints Advisor in the GUI from Tools > Power Constraints Advisor or run report_power with the -advisory option to generate a text report.
110 Infos, 1 Warnings, 14 Critical Warnings and 0 Errors encountered.
report_power completed successfully
INFO: [Vivado 12-24828] Executing command : report_clock_utilization -file tinyriscv_soc_top_clock_utilization_routed.rpt
WARNING: [Device 21-9320] Failed to find the Oracle tile group with name 'HSR_BOUNDARY_TOP'. This is required for Clock regions and Virtual grid.
WARNING: [Device 21-2174] Failed to initialize Virtual grid.
generate_parallel_reports: Time (s): cpu = 00:00:25 ; elapsed = 00:00:08 . Memory (MB): peak = 3256.930 ; gain = 108.902 ; free physical = 8083 ; free virtual = 25872
INFO: [Timing 38-480] Writing timing data to binary archive.
Write ShapeDB Complete: Time (s): cpu = 00:00:00.11 ; elapsed = 00:00:00.02 . Memory (MB): peak = 3256.930 ; gain = 0.000 ; free physical = 8081 ; free virtual = 25871
Wrote PlaceDB: Time (s): cpu = 00:00:01 ; elapsed = 00:00:00.53 . Memory (MB): peak = 3256.930 ; gain = 0.000 ; free physical = 8050 ; free virtual = 25861
Wrote PulsedLatchDB: Time (s): cpu = 00:00:00 ; elapsed = 00:00:00 . Memory (MB): peak = 3256.930 ; gain = 0.000 ; free physical = 8050 ; free virtual = 25861
Writing XDEF routing.
Writing XDEF routing logical nets.
Writing XDEF routing special nets.
Wrote RouteStorage: Time (s): cpu = 00:00:00.15 ; elapsed = 00:00:00.09 . Memory (MB): peak = 3256.930 ; gain = 0.000 ; free physical = 8046 ; free virtual = 25861
Wrote Netlist Cache: Time (s): cpu = 00:00:00.01 ; elapsed = 00:00:00.02 . Memory (MB): peak = 3256.930 ; gain = 0.000 ; free physical = 8046 ; free virtual = 25862
Wrote Device Cache: Time (s): cpu = 00:00:00.01 ; elapsed = 00:00:00 . Memory (MB): peak = 3256.930 ; gain = 0.000 ; free physical = 8046 ; free virtual = 25862
Write Physdb Complete: Time (s): cpu = 00:00:01 ; elapsed = 00:00:00.64 . Memory (MB): peak = 3256.930 ; gain = 0.000 ; free physical = 8046 ; free virtual = 25862
INFO: [Common 17-1381] The checkpoint '/home/sidharth/Vivado_Projects/tinyriscv_load/tinyriscv_load.runs/impl_1/tinyriscv_soc_top_routed.dcp' has been generated.
INFO: [Common 17-206] Exiting Vivado at Tue Jun  3 12:59:38 2025...
